Using pre-set license
Built from '2021.3/staging' branch; Version is '2021.3.25f1 (68ef2c4f8861) revision 6876972'; Using compiler version '192829333'; Build Type 'Release'
OS: 'Windows 10  (10.0.19045) 64bit Enterprise' Language: 'en' Physical Memory: 32442 MB
BatchMode: 1, IsHumanControllingUs: 0, StartBugReporterOnCrash: 0, Is64bit: 1, IsPro: 1

COMMAND LINE ARGUMENTS:
C:\Program Files\Unity\Editor\Unity.exe
-adb2
-batchMode
-noUpm
-name
AssetImportWorker2
-projectPath
C:/Users/tono2/Desktop/Ariyan Kingdom
-logFile
Logs/AssetImportWorker2.log
-srvPort
50904
Successfully changed project path to: C:/Users/tono2/Desktop/Ariyan Kingdom
C:/Users/tono2/Desktop/Ariyan Kingdom
[UnityMemory] Configuration Parameters - Can be set up in boot.config
    "memorysetup-bucket-allocator-granularity=16"
    "memorysetup-bucket-allocator-bucket-count=8"
    "memorysetup-bucket-allocator-block-size=33554432"
    "memorysetup-bucket-allocator-block-count=8"
    "memorysetup-main-allocator-block-size=16777216"
    "memorysetup-thread-allocator-block-size=16777216"
    "memorysetup-gfx-main-allocator-block-size=16777216"
    "memorysetup-gfx-thread-allocator-block-size=16777216"
    "memorysetup-cache-allocator-block-size=4194304"
    "memorysetup-typetree-allocator-block-size=2097152"
    "memorysetup-profiler-bucket-allocator-granularity=16"
    "memorysetup-profiler-bucket-allocator-bucket-count=8"
    "memorysetup-profiler-bucket-allocator-block-size=33554432"
    "memorysetup-profiler-bucket-allocator-block-count=8"
    "memorysetup-profiler-allocator-block-size=16777216"
    "memorysetup-profiler-editor-allocator-block-size=1048576"
    "memorysetup-temp-allocator-size-main=16777216"
    "memorysetup-job-temp-allocator-block-size=2097152"
    "memorysetup-job-temp-allocator-block-size-background=1048576"
    "memorysetup-job-temp-allocator-reduction-small-platforms=262144"
    "memorysetup-temp-allocator-size-background-worker=32768"
    "memorysetup-temp-allocator-size-job-worker=262144"
    "memorysetup-temp-allocator-size-preload-manager=33554432"
    "memorysetup-temp-allocator-size-nav-mesh-worker=65536"
    "memorysetup-temp-allocator-size-audio-worker=65536"
    "memorysetup-temp-allocator-size-cloud-worker=32768"
    "memorysetup-temp-allocator-size-gi-baking-worker=262144"
    "memorysetup-temp-allocator-size-gfx=262144"
Player connection [10896] Host "[IP] 164.76.127.108 [Port] 0 [Flags] 2 [Guid] 2939554282 [EditorId] 2939554282 [Version] 1048832 [Id] WindowsEditor(7,COT-S108-012) [Debug] 1 [PackageName] WindowsEditor [ProjectName] Editor" joined multi-casting on [225.0.0.222:54997]...

Player connection [10896] Host "[IP] 164.76.127.108 [Port] 0 [Flags] 2 [Guid] 2939554282 [EditorId] 2939554282 [Version] 1048832 [Id] WindowsEditor(7,COT-S108-012) [Debug] 1 [PackageName] WindowsEditor [ProjectName] Editor" joined alternative multi-casting on [225.0.0.222:34997]...

Refreshing native plugins compatible for Editor in 97.37 ms, found 4 plugins.
Preloading 0 native plugins for Editor in 0.00 ms.
Initialize engine version: 2021.3.25f1 (68ef2c4f8861)
[Subsystems] Discovering subsystems at path C:/Program Files/Unity/Editor/Data/Resources/UnitySubsystems
[Subsystems] Discovering subsystems at path C:/Users/tono2/Desktop/Ariyan Kingdom/Assets
GfxDevice: creating device client; threaded=0; jobified=0
Direct3D:
    Version:  Direct3D 11.0 [level 11.1]
    Renderer: NVIDIA GeForce RTX 3080 (ID=0x2216)
    Vendor:   NVIDIA
    VRAM:     10053 MB
    Driver:   32.0.15.5599
Initialize mono
Mono path[0] = 'C:/Program Files/Unity/Editor/Data/Managed'
Mono path[1] = 'C:/Program Files/Unity/Editor/Data/MonoBleedingEdge/lib/mono/unityjit-win32'
Mono config path = 'C:/Program Files/Unity/Editor/Data/MonoBleedingEdge/etc'
Using monoOptions --debugger-agent=transport=dt_socket,embedding=1,server=y,suspend=n,address=127.0.0.1:56460
Begin MonoManager ReloadAssembly
Registering precompiled unity dll's ...
Register platform support module: C:/Program Files/Unity/Editor/Data/PlaybackEngines/WindowsStandaloneSupport/UnityEditor.WindowsStandalone.Extensions.dll
Registered in 0.003602 seconds.
Native extension for WindowsStandalone target not found
Refreshing native plugins compatible for Editor in 92.83 ms, found 4 plugins.
Preloading 0 native plugins for Editor in 0.00 ms.
Mono: successfully reloaded assembly
- Completed reload, in  0.725 seconds
Domain Reload Profiling:
	ReloadAssembly (725ms)
		BeginReloadAssembly (92ms)
			ExecutionOrderSort (0ms)
			DisableScriptedObjects (0ms)
			BackupInstance (0ms)
			ReleaseScriptingObjects (0ms)
			CreateAndSetChildDomain (1ms)
		EndReloadAssembly (530ms)
			LoadAssemblies (91ms)
			RebuildTransferFunctionScriptingTraits (0ms)
			SetupTypeCache (114ms)
			ReleaseScriptCaches (0ms)
			RebuildScriptCaches (33ms)
			SetupLoadedEditorAssemblies (327ms)
				LogAssemblyErrors (0ms)
				InitializePlatformSupportModulesInManaged (8ms)
				SetLoadedEditorAssemblies (0ms)
				RefreshPlugins (93ms)
				BeforeProcessingInitializeOnLoad (1ms)
				ProcessInitializeOnLoadAttributes (168ms)
				ProcessInitializeOnLoadMethodAttributes (56ms)
				AfterProcessingInitializeOnLoad (0ms)
				EditorAssembliesLoaded (0ms)
			ExecutionOrderSort2 (0ms)
			AwakeInstancesAfterBackupRestoration (0ms)
Platform modules already initialized, skipping
Registering precompiled user dll's ...
Registered in 0.006097 seconds.
Begin MonoManager ReloadAssembly
Native extension for WindowsStandalone target not found
Refreshing native plugins compatible for Editor in 89.03 ms, found 4 plugins.
Preloading 0 native plugins for Editor in 0.00 ms.
Mono: successfully reloaded assembly
- Completed reload, in  1.264 seconds
Domain Reload Profiling:
	ReloadAssembly (1265ms)
		BeginReloadAssembly (124ms)
			ExecutionOrderSort (0ms)
			DisableScriptedObjects (7ms)
			BackupInstance (0ms)
			ReleaseScriptingObjects (0ms)
			CreateAndSetChildDomain (19ms)
		EndReloadAssembly (1024ms)
			LoadAssemblies (93ms)
			RebuildTransferFunctionScriptingTraits (0ms)
			SetupTypeCache (254ms)
			ReleaseScriptCaches (1ms)
			RebuildScriptCaches (68ms)
			SetupLoadedEditorAssemblies (560ms)
				LogAssemblyErrors (0ms)
				InitializePlatformSupportModulesInManaged (4ms)
				SetLoadedEditorAssemblies (0ms)
				RefreshPlugins (89ms)
				BeforeProcessingInitializeOnLoad (97ms)
				ProcessInitializeOnLoadAttributes (318ms)
				ProcessInitializeOnLoadMethodAttributes (48ms)
				AfterProcessingInitializeOnLoad (4ms)
				EditorAssembliesLoaded (0ms)
			ExecutionOrderSort2 (0ms)
			AwakeInstancesAfterBackupRestoration (9ms)
Platform modules already initialized, skipping
========================================================================
Worker process is ready to serve import requests
Launched and connected shader compiler UnityShaderCompiler.exe after 0.04 seconds
Refreshing native plugins compatible for Editor in 0.50 ms, found 4 plugins.
Preloading 0 native plugins for Editor in 0.00 ms.
Unloading 3748 Unused Serialized files (Serialized files now loaded: 0)
Unloading 36 unused Assets / (56.1 KB). Loaded Objects now: 4207.
Memory consumption went from 143.4 MB to 143.4 MB.
Total: 2.193200 ms (FindLiveObjects: 0.198300 ms CreateObjectMapping: 0.095200 ms MarkObjects: 1.837000 ms  DeleteObjects: 0.061700 ms)

AssetImportParameters requested are different than current active one (requested -> active):
  custom:video-decoder-ogg-theora: a1e56fd34408186e4bbccfd4996cb3dc -> 
  custom:container-muxer-webm: aa71ff27fc2769a1b78a27578f13a17b -> 
  custom:container-demuxer-webm: 4f35f7cbe854078d1ac9338744f61a02 -> 
  custom:video-encoder-webm-vp8: eb34c28f22e8b96e1ab97ce403110664 -> 
  custom:audio-encoder-webm-vorbis: bf7c407c2cedff20999df2af8eb42d56 -> 
  custom:framework-win-MediaFoundation: 216162199b28c13a410421893ffa2e32 -> 
  custom:container-demuxer-ogg: 62fdf1f143b41e24485cea50d1cbac27 -> 
  custom:video-decoder-webm-vp8: 9c59270c3fd7afecdb556c50c9e8de78 -> 
  custom:audio-decoder-ogg-vorbis: bf7c407c2cedff20999df2af8eb42d56 -> 
========================================================================
Received Import Request.
  Time since last request: 130199.716988 seconds.
  path: Packages/com.unity.2d.animation/Editor/Assets/SkinningModule/Icons/Light/Bone_Influence@2x.png
  artifactKey: Guid(7395bf0bc3cc40e4ab2dda5ec6832261) Importer(815301076,1909f56bfc062723c751e8b465ee728b)
Start importing Packages/com.unity.2d.animation/Editor/Assets/SkinningModule/Icons/Light/Bone_Influence@2x.png using Guid(7395bf0bc3cc40e4ab2dda5ec6832261) Importer(815301076,1909f56bfc062723c751e8b465ee728b)  -> (artifact id: '42c12912983ae4138606f3f4955e529c') in 0.173559 seconds 
========================================================================
Received Import Request.
  Time since last request: 12.608821 seconds.
  path: Assets/Sprites/Boe.png
  artifactKey: Guid(c533532388c02a449971923b8a4bda32) Importer(815301076,1909f56bfc062723c751e8b465ee728b)
Start importing Assets/Sprites/Boe.png using Guid(c533532388c02a449971923b8a4bda32) Importer(815301076,1909f56bfc062723c751e8b465ee728b)  -> (artifact id: '9c19224243ee192a86bd6b374b5eb682') in 0.021731 seconds 
========================================================================
Received Import Request.
  Time since last request: 478.802374 seconds.
  path: Assets/Sprites/New Folder
  artifactKey: Guid(8464c823b09131e47bc7b220cfc02023) Importer(815301076,1909f56bfc062723c751e8b465ee728b)
Start importing Assets/Sprites/New Folder using Guid(8464c823b09131e47bc7b220cfc02023) Importer(815301076,1909f56bfc062723c751e8b465ee728b)  -> (artifact id: '6221a62b881d3486f10303296ade1d68') in 0.006387 seconds 
========================================================================
Received Import Request.
  Time since last request: 8.729743 seconds.
  path: Assets/Sprites/Prefabs
  artifactKey: Guid(8464c823b09131e47bc7b220cfc02023) Importer(815301076,1909f56bfc062723c751e8b465ee728b)
Start importing Assets/Sprites/Prefabs using Guid(8464c823b09131e47bc7b220cfc02023) Importer(815301076,1909f56bfc062723c751e8b465ee728b)  -> (artifact id: 'a0b822fe7f9f0f456d6ba840cd65f269') in 0.006176 seconds 
========================================================================
Received Import Request.
  Time since last request: 9.970941 seconds.
  path: Assets/Sprites/Prefabs/UI.prefab
  artifactKey: Guid(640b68b3f2cdba3449b50df7dfdec383) Importer(815301076,1909f56bfc062723c751e8b465ee728b)
Start importing Assets/Sprites/Prefabs/UI.prefab using Guid(640b68b3f2cdba3449b50df7dfdec383) Importer(815301076,1909f56bfc062723c751e8b465ee728b)  -> (artifact id: '92b9ee8d859ecf7636b5824dc89fc0f4') in 0.064698 seconds 
========================================================================
Received Import Request.
  Time since last request: 28.830562 seconds.
  path: Assets/Scripts/GameManager.cs
  artifactKey: Guid(1da9635563354324e8cc189e2d4cb9b5) Importer(815301076,1909f56bfc062723c751e8b465ee728b)
Start importing Assets/Scripts/GameManager.cs using Guid(1da9635563354324e8cc189e2d4cb9b5) Importer(815301076,1909f56bfc062723c751e8b465ee728b)  -> (artifact id: 'b8749f9b61328a925f011e571e60e52e') in 0.009726 seconds 
========================================================================
Received Prepare
Registering precompiled user dll's ...
Registered in 0.005028 seconds.
Begin MonoManager ReloadAssembly
Native extension for WindowsStandalone target not found
Refreshing native plugins compatible for Editor in 0.74 ms, found 4 plugins.
Preloading 0 native plugins for Editor in 0.00 ms.
Mono: successfully reloaded assembly
- Completed reload, in  1.020 seconds
Domain Reload Profiling:
	ReloadAssembly (1021ms)
		BeginReloadAssembly (137ms)
			ExecutionOrderSort (0ms)
			DisableScriptedObjects (8ms)
			BackupInstance (0ms)
			ReleaseScriptingObjects (0ms)
			CreateAndSetChildDomain (34ms)
		EndReloadAssembly (788ms)
			LoadAssemblies (92ms)
			RebuildTransferFunctionScriptingTraits (0ms)
			SetupTypeCache (230ms)
			ReleaseScriptCaches (1ms)
			RebuildScriptCaches (48ms)
			SetupLoadedEditorAssemblies (382ms)
				LogAssemblyErrors (0ms)
				InitializePlatformSupportModulesInManaged (5ms)
				SetLoadedEditorAssemblies (1ms)
				RefreshPlugins (1ms)
				BeforeProcessingInitializeOnLoad (68ms)
				ProcessInitializeOnLoadAttributes (265ms)
				ProcessInitializeOnLoadMethodAttributes (38ms)
				AfterProcessingInitializeOnLoad (4ms)
				EditorAssembliesLoaded (0ms)
			ExecutionOrderSort2 (0ms)
			AwakeInstancesAfterBackupRestoration (8ms)
Platform modules already initialized, skipping
Refreshing native plugins compatible for Editor in 2.03 ms, found 4 plugins.
Preloading 0 native plugins for Editor in 0.00 ms.
Unloading 3751 Unused Serialized files (Serialized files now loaded: 0)
Unloading 36 unused Assets / (0.7 MB). Loaded Objects now: 4220.
Memory consumption went from 149.0 MB to 148.3 MB.
Total: 3.163400 ms (FindLiveObjects: 0.378000 ms CreateObjectMapping: 0.092800 ms MarkObjects: 2.385900 ms  DeleteObjects: 0.304600 ms)

AssetImportParameters requested are different than current active one (requested -> active):
  custom:video-decoder-ogg-theora: a1e56fd34408186e4bbccfd4996cb3dc -> 
  custom:container-muxer-webm: aa71ff27fc2769a1b78a27578f13a17b -> 
  custom:container-demuxer-webm: 4f35f7cbe854078d1ac9338744f61a02 -> 
  custom:video-encoder-webm-vp8: eb34c28f22e8b96e1ab97ce403110664 -> 
  custom:audio-encoder-webm-vorbis: bf7c407c2cedff20999df2af8eb42d56 -> 
  custom:framework-win-MediaFoundation: 216162199b28c13a410421893ffa2e32 -> 
  custom:container-demuxer-ogg: 62fdf1f143b41e24485cea50d1cbac27 -> 
  custom:video-decoder-webm-vp8: 9c59270c3fd7afecdb556c50c9e8de78 -> 
  custom:audio-decoder-ogg-vorbis: bf7c407c2cedff20999df2af8eb42d56 -> 
========================================================================
Received Import Request.
  Time since last request: 7.688596 seconds.
  path: Assets/Scripts/MainObjectsLoader.cs
  artifactKey: Guid(4d63ce808b1ab4741b0c92a7492fefd1) Importer(815301076,1909f56bfc062723c751e8b465ee728b)
Start importing Assets/Scripts/MainObjectsLoader.cs using Guid(4d63ce808b1ab4741b0c92a7492fefd1) Importer(815301076,1909f56bfc062723c751e8b465ee728b)  -> (artifact id: 'f6881f64340a5ceca09df4827bb58c6a') in 0.011621 seconds 
========================================================================
Received Prepare
Registering precompiled user dll's ...
Registered in 0.004513 seconds.
Begin MonoManager ReloadAssembly
Native extension for WindowsStandalone target not found
Refreshing native plugins compatible for Editor in 0.75 ms, found 4 plugins.
Preloading 0 native plugins for Editor in 0.00 ms.
Mono: successfully reloaded assembly
- Completed reload, in  1.010 seconds
Domain Reload Profiling:
	ReloadAssembly (1011ms)
		BeginReloadAssembly (132ms)
			ExecutionOrderSort (0ms)
			DisableScriptedObjects (8ms)
			BackupInstance (0ms)
			ReleaseScriptingObjects (0ms)
			CreateAndSetChildDomain (32ms)
		EndReloadAssembly (787ms)
			LoadAssemblies (86ms)
			RebuildTransferFunctionScriptingTraits (0ms)
			SetupTypeCache (234ms)
			ReleaseScriptCaches (1ms)
			RebuildScriptCaches (49ms)
			SetupLoadedEditorAssemblies (378ms)
				LogAssemblyErrors (0ms)
				InitializePlatformSupportModulesInManaged (5ms)
				SetLoadedEditorAssemblies (1ms)
				RefreshPlugins (1ms)
				BeforeProcessingInitializeOnLoad (69ms)
				ProcessInitializeOnLoadAttributes (260ms)
				ProcessInitializeOnLoadMethodAttributes (39ms)
				AfterProcessingInitializeOnLoad (4ms)
				EditorAssembliesLoaded (0ms)
			ExecutionOrderSort2 (0ms)
			AwakeInstancesAfterBackupRestoration (7ms)
Platform modules already initialized, skipping
Script is not up to date after domain reload: guid(dba81bc64fc29f84fa870ef559cf8efe) path("Assets/Scripts/ScreenFade.cs") state(2)
Refreshing native plugins compatible for Editor in 1.89 ms, found 4 plugins.
Preloading 0 native plugins for Editor in 0.00 ms.
Unloading 3752 Unused Serialized files (Serialized files now loaded: 0)
Unloading 36 unused Assets / (0.7 MB). Loaded Objects now: 4224.
Memory consumption went from 149.0 MB to 148.3 MB.
Total: 3.380600 ms (FindLiveObjects: 0.392300 ms CreateObjectMapping: 0.114300 ms MarkObjects: 2.550800 ms  DeleteObjects: 0.322100 ms)

AssetImportParameters requested are different than current active one (requested -> active):
  custom:video-decoder-ogg-theora: a1e56fd34408186e4bbccfd4996cb3dc -> 
  custom:container-muxer-webm: aa71ff27fc2769a1b78a27578f13a17b -> 
  custom:container-demuxer-webm: 4f35f7cbe854078d1ac9338744f61a02 -> 
  custom:video-encoder-webm-vp8: eb34c28f22e8b96e1ab97ce403110664 -> 
  custom:audio-encoder-webm-vorbis: bf7c407c2cedff20999df2af8eb42d56 -> 
  custom:framework-win-MediaFoundation: 216162199b28c13a410421893ffa2e32 -> 
  custom:container-demuxer-ogg: 62fdf1f143b41e24485cea50d1cbac27 -> 
  custom:video-decoder-webm-vp8: 9c59270c3fd7afecdb556c50c9e8de78 -> 
  custom:audio-decoder-ogg-vorbis: bf7c407c2cedff20999df2af8eb42d56 -> 
========================================================================
Received Prepare
Registering precompiled user dll's ...
Registered in 0.004667 seconds.
Begin MonoManager ReloadAssembly
Native extension for WindowsStandalone target not found
Refreshing native plugins compatible for Editor in 0.73 ms, found 4 plugins.
Preloading 0 native plugins for Editor in 0.00 ms.
Mono: successfully reloaded assembly
- Completed reload, in  0.977 seconds
Domain Reload Profiling:
	ReloadAssembly (977ms)
		BeginReloadAssembly (112ms)
			ExecutionOrderSort (0ms)
			DisableScriptedObjects (8ms)
			BackupInstance (0ms)
			ReleaseScriptingObjects (0ms)
			CreateAndSetChildDomain (31ms)
		EndReloadAssembly (774ms)
			LoadAssemblies (71ms)
			RebuildTransferFunctionScriptingTraits (0ms)
			SetupTypeCache (221ms)
			ReleaseScriptCaches (1ms)
			RebuildScriptCaches (45ms)
			SetupLoadedEditorAssemblies (382ms)
				LogAssemblyErrors (0ms)
				InitializePlatformSupportModulesInManaged (5ms)
				SetLoadedEditorAssemblies (1ms)
				RefreshPlugins (1ms)
				BeforeProcessingInitializeOnLoad (69ms)
				ProcessInitializeOnLoadAttributes (264ms)
				ProcessInitializeOnLoadMethodAttributes (40ms)
				AfterProcessingInitializeOnLoad (4ms)
				EditorAssembliesLoaded (0ms)
			ExecutionOrderSort2 (0ms)
			AwakeInstancesAfterBackupRestoration (7ms)
Platform modules already initialized, skipping
Refreshing native plugins compatible for Editor in 1.89 ms, found 4 plugins.
Preloading 0 native plugins for Editor in 0.00 ms.
Unloading 3753 Unused Serialized files (Serialized files now loaded: 0)
Unloading 36 unused Assets / (0.7 MB). Loaded Objects now: 4228.
Memory consumption went from 149.0 MB to 148.3 MB.
Total: 3.142500 ms (FindLiveObjects: 0.358300 ms CreateObjectMapping: 0.102500 ms MarkObjects: 2.358600 ms  DeleteObjects: 0.321800 ms)

AssetImportParameters requested are different than current active one (requested -> active):
  custom:video-decoder-ogg-theora: a1e56fd34408186e4bbccfd4996cb3dc -> 
  custom:container-muxer-webm: aa71ff27fc2769a1b78a27578f13a17b -> 
  custom:container-demuxer-webm: 4f35f7cbe854078d1ac9338744f61a02 -> 
  custom:video-encoder-webm-vp8: eb34c28f22e8b96e1ab97ce403110664 -> 
  custom:audio-encoder-webm-vorbis: bf7c407c2cedff20999df2af8eb42d56 -> 
  custom:framework-win-MediaFoundation: 216162199b28c13a410421893ffa2e32 -> 
  custom:container-demuxer-ogg: 62fdf1f143b41e24485cea50d1cbac27 -> 
  custom:video-decoder-webm-vp8: 9c59270c3fd7afecdb556c50c9e8de78 -> 
  custom:audio-decoder-ogg-vorbis: bf7c407c2cedff20999df2af8eb42d56 -> 
========================================================================
Received Import Request.
  Time since last request: 19.697198 seconds.
  path: Assets/Scripts/DialogueScripts
  artifactKey: Guid(eb963e462b7d6064eb3291e4cd559e7a) Importer(815301076,1909f56bfc062723c751e8b465ee728b)
Start importing Assets/Scripts/DialogueScripts using Guid(eb963e462b7d6064eb3291e4cd559e7a) Importer(815301076,1909f56bfc062723c751e8b465ee728b)  -> (artifact id: '644a04e98e88ccb7d9fcdfba4ebb0cf5') in 0.010997 seconds 
========================================================================
Received Import Request.
  Time since last request: 6.280559 seconds.
  path: Assets/Scripts/DialogueScripts/Dialogue.cs
  artifactKey: Guid(3b62fba4b78d8c5478189cc050bc0ffa) Importer(815301076,1909f56bfc062723c751e8b465ee728b)
Start importing Assets/Scripts/DialogueScripts/Dialogue.cs using Guid(3b62fba4b78d8c5478189cc050bc0ffa) Importer(815301076,1909f56bfc062723c751e8b465ee728b)  -> (artifact id: 'b3d4d95a804f851027091861ce7507cd') in 0.007665 seconds 
========================================================================
Received Prepare
Registering precompiled user dll's ...
Registered in 0.004412 seconds.
Begin MonoManager ReloadAssembly
Native extension for WindowsStandalone target not found
Refreshing native plugins compatible for Editor in 0.77 ms, found 4 plugins.
Preloading 0 native plugins for Editor in 0.00 ms.
Mono: successfully reloaded assembly
- Completed reload, in  0.997 seconds
Domain Reload Profiling:
	ReloadAssembly (998ms)
		BeginReloadAssembly (127ms)
			ExecutionOrderSort (0ms)
			DisableScriptedObjects (8ms)
			BackupInstance (0ms)
			ReleaseScriptingObjects (0ms)
			CreateAndSetChildDomain (31ms)
		EndReloadAssembly (778ms)
			LoadAssemblies (87ms)
			RebuildTransferFunctionScriptingTraits (0ms)
			SetupTypeCache (230ms)
			ReleaseScriptCaches (1ms)
			RebuildScriptCaches (48ms)
			SetupLoadedEditorAssemblies (371ms)
				LogAssemblyErrors (0ms)
				InitializePlatformSupportModulesInManaged (5ms)
				SetLoadedEditorAssemblies (1ms)
				RefreshPlugins (1ms)
				BeforeProcessingInitializeOnLoad (68ms)
				ProcessInitializeOnLoadAttributes (254ms)
				ProcessInitializeOnLoadMethodAttributes (39ms)
				AfterProcessingInitializeOnLoad (4ms)
				EditorAssembliesLoaded (0ms)
			ExecutionOrderSort2 (0ms)
			AwakeInstancesAfterBackupRestoration (8ms)
Platform modules already initialized, skipping
Script is not up to date after domain reload: guid(6ad9432e267b5944eb63325c4fa81406) path("Assets/Scripts/DialogueScripts/DialogueManager.cs") state(2)
Refreshing native plugins compatible for Editor in 2.12 ms, found 4 plugins.
Preloading 0 native plugins for Editor in 0.00 ms.
Unloading 3754 Unused Serialized files (Serialized files now loaded: 0)
Unloading 36 unused Assets / (0.7 MB). Loaded Objects now: 4232.
Memory consumption went from 149.1 MB to 148.4 MB.
Total: 3.428100 ms (FindLiveObjects: 0.402200 ms CreateObjectMapping: 0.114800 ms MarkObjects: 2.546000 ms  DeleteObjects: 0.363800 ms)

AssetImportParameters requested are different than current active one (requested -> active):
  custom:video-decoder-ogg-theora: a1e56fd34408186e4bbccfd4996cb3dc -> 
  custom:container-muxer-webm: aa71ff27fc2769a1b78a27578f13a17b -> 
  custom:container-demuxer-webm: 4f35f7cbe854078d1ac9338744f61a02 -> 
  custom:video-encoder-webm-vp8: eb34c28f22e8b96e1ab97ce403110664 -> 
  custom:audio-encoder-webm-vorbis: bf7c407c2cedff20999df2af8eb42d56 -> 
  custom:framework-win-MediaFoundation: 216162199b28c13a410421893ffa2e32 -> 
  custom:container-demuxer-ogg: 62fdf1f143b41e24485cea50d1cbac27 -> 
  custom:video-decoder-webm-vp8: 9c59270c3fd7afecdb556c50c9e8de78 -> 
  custom:audio-decoder-ogg-vorbis: bf7c407c2cedff20999df2af8eb42d56 -> 
========================================================================
Received Prepare
Registering precompiled user dll's ...
Registered in 0.004776 seconds.
Begin MonoManager ReloadAssembly
Native extension for WindowsStandalone target not found
Refreshing native plugins compatible for Editor in 0.67 ms, found 4 plugins.
Preloading 0 native plugins for Editor in 0.00 ms.
Mono: successfully reloaded assembly
- Completed reload, in  1.038 seconds
Domain Reload Profiling:
	ReloadAssembly (1038ms)
		BeginReloadAssembly (133ms)
			ExecutionOrderSort (0ms)
			DisableScriptedObjects (7ms)
			BackupInstance (0ms)
			ReleaseScriptingObjects (0ms)
			CreateAndSetChildDomain (32ms)
		EndReloadAssembly (813ms)
			LoadAssemblies (84ms)
			RebuildTransferFunctionScriptingTraits (0ms)
			SetupTypeCache (229ms)
			ReleaseScriptCaches (1ms)
			RebuildScriptCaches (55ms)
			SetupLoadedEditorAssemblies (396ms)
				LogAssemblyErrors (0ms)
				InitializePlatformSupportModulesInManaged (4ms)
				SetLoadedEditorAssemblies (0ms)
				RefreshPlugins (1ms)
				BeforeProcessingInitializeOnLoad (68ms)
				ProcessInitializeOnLoadAttributes (277ms)
				ProcessInitializeOnLoadMethodAttributes (40ms)
				AfterProcessingInitializeOnLoad (5ms)
				EditorAssembliesLoaded (0ms)
			ExecutionOrderSort2 (0ms)
			AwakeInstancesAfterBackupRestoration (8ms)
Platform modules already initialized, skipping
Script is not up to date after domain reload: guid(6d622a952d38c8642abe92fd3f08e627) path("Assets/Scripts/DialogueScripts/DialogueStarter.cs") state(2)
Refreshing native plugins compatible for Editor in 1.87 ms, found 4 plugins.
Preloading 0 native plugins for Editor in 0.00 ms.
Unloading 3755 Unused Serialized files (Serialized files now loaded: 0)
Unloading 36 unused Assets / (0.7 MB). Loaded Objects now: 4236.
Memory consumption went from 149.1 MB to 148.4 MB.
Total: 3.330400 ms (FindLiveObjects: 0.344100 ms CreateObjectMapping: 0.093500 ms MarkObjects: 2.577600 ms  DeleteObjects: 0.314300 ms)

AssetImportParameters requested are different than current active one (requested -> active):
  custom:video-decoder-ogg-theora: a1e56fd34408186e4bbccfd4996cb3dc -> 
  custom:container-muxer-webm: aa71ff27fc2769a1b78a27578f13a17b -> 
  custom:container-demuxer-webm: 4f35f7cbe854078d1ac9338744f61a02 -> 
  custom:video-encoder-webm-vp8: eb34c28f22e8b96e1ab97ce403110664 -> 
  custom:audio-encoder-webm-vorbis: bf7c407c2cedff20999df2af8eb42d56 -> 
  custom:framework-win-MediaFoundation: 216162199b28c13a410421893ffa2e32 -> 
  custom:container-demuxer-ogg: 62fdf1f143b41e24485cea50d1cbac27 -> 
  custom:video-decoder-webm-vp8: 9c59270c3fd7afecdb556c50c9e8de78 -> 
  custom:audio-decoder-ogg-vorbis: bf7c407c2cedff20999df2af8eb42d56 -> 
========================================================================
Received Prepare
Registering precompiled user dll's ...
Registered in 0.005529 seconds.
Begin MonoManager ReloadAssembly
Native extension for WindowsStandalone target not found
Refreshing native plugins compatible for Editor in 0.73 ms, found 4 plugins.
Preloading 0 native plugins for Editor in 0.00 ms.
Mono: successfully reloaded assembly
- Completed reload, in  0.983 seconds
Domain Reload Profiling:
	ReloadAssembly (984ms)
		BeginReloadAssembly (124ms)
			ExecutionOrderSort (0ms)
			DisableScriptedObjects (8ms)
			BackupInstance (0ms)
			ReleaseScriptingObjects (0ms)
			CreateAndSetChildDomain (30ms)
		EndReloadAssembly (766ms)
			LoadAssemblies (82ms)
			RebuildTransferFunctionScriptingTraits (0ms)
			SetupTypeCache (215ms)
			ReleaseScriptCaches (1ms)
			RebuildScriptCaches (49ms)
			SetupLoadedEditorAssemblies (374ms)
				LogAssemblyErrors (0ms)
				InitializePlatformSupportModulesInManaged (5ms)
				SetLoadedEditorAssemblies (1ms)
				RefreshPlugins (1ms)
				BeforeProcessingInitializeOnLoad (68ms)
				ProcessInitializeOnLoadAttributes (259ms)
				ProcessInitializeOnLoadMethodAttributes (37ms)
				AfterProcessingInitializeOnLoad (3ms)
				EditorAssembliesLoaded (0ms)
			ExecutionOrderSort2 (0ms)
			AwakeInstancesAfterBackupRestoration (7ms)
Platform modules already initialized, skipping
Refreshing native plugins compatible for Editor in 2.10 ms, found 4 plugins.
Preloading 0 native plugins for Editor in 0.00 ms.
Unloading 3756 Unused Serialized files (Serialized files now loaded: 0)
Unloading 36 unused Assets / (0.7 MB). Loaded Objects now: 4240.
Memory consumption went from 149.1 MB to 148.5 MB.
Total: 3.406400 ms (FindLiveObjects: 0.418300 ms CreateObjectMapping: 0.120300 ms MarkObjects: 2.514700 ms  DeleteObjects: 0.352100 ms)

AssetImportParameters requested are different than current active one (requested -> active):
  custom:video-decoder-ogg-theora: a1e56fd34408186e4bbccfd4996cb3dc -> 
  custom:container-muxer-webm: aa71ff27fc2769a1b78a27578f13a17b -> 
  custom:container-demuxer-webm: 4f35f7cbe854078d1ac9338744f61a02 -> 
  custom:video-encoder-webm-vp8: eb34c28f22e8b96e1ab97ce403110664 -> 
  custom:audio-encoder-webm-vorbis: bf7c407c2cedff20999df2af8eb42d56 -> 
  custom:framework-win-MediaFoundation: 216162199b28c13a410421893ffa2e32 -> 
  custom:container-demuxer-ogg: 62fdf1f143b41e24485cea50d1cbac27 -> 
  custom:video-decoder-webm-vp8: 9c59270c3fd7afecdb556c50c9e8de78 -> 
  custom:audio-decoder-ogg-vorbis: bf7c407c2cedff20999df2af8eb42d56 -> 
========================================================================
Received Import Request.
  Time since last request: 14.280127 seconds.
  path: Assets/Scripts/DialogueScripts/DialogueStarter.cs
  artifactKey: Guid(6d622a952d38c8642abe92fd3f08e627) Importer(815301076,1909f56bfc062723c751e8b465ee728b)
Start importing Assets/Scripts/DialogueScripts/DialogueStarter.cs using Guid(6d622a952d38c8642abe92fd3f08e627) Importer(815301076,1909f56bfc062723c751e8b465ee728b)  -> (artifact id: 'ae78213432c0c8e3772f8f144a510843') in 0.012663 seconds 
========================================================================
Received Import Request.
  Time since last request: 66.736620 seconds.
  path: Assets/Sprites/Prefabs/MainObjectsLoader.prefab
  artifactKey: Guid(98aa7816619224240ae1ff4585cfacf4) Importer(815301076,1909f56bfc062723c751e8b465ee728b)
Start importing Assets/Sprites/Prefabs/MainObjectsLoader.prefab using Guid(98aa7816619224240ae1ff4585cfacf4) Importer(815301076,1909f56bfc062723c751e8b465ee728b)  -> (artifact id: 'dd6af71088f719641f88c4716bfc2193') in 0.022773 seconds 
========================================================================
Received Prepare
Registering precompiled user dll's ...
Registered in 0.005364 seconds.
Begin MonoManager ReloadAssembly
Native extension for WindowsStandalone target not found
Refreshing native plugins compatible for Editor in 0.75 ms, found 4 plugins.
Preloading 0 native plugins for Editor in 0.00 ms.
Mono: successfully reloaded assembly
- Completed reload, in  1.014 seconds
Domain Reload Profiling:
	ReloadAssembly (1015ms)
		BeginReloadAssembly (126ms)
			ExecutionOrderSort (0ms)
			DisableScriptedObjects (7ms)
			BackupInstance (0ms)
			ReleaseScriptingObjects (0ms)
			CreateAndSetChildDomain (31ms)
		EndReloadAssembly (789ms)
			LoadAssemblies (82ms)
			RebuildTransferFunctionScriptingTraits (0ms)
			SetupTypeCache (226ms)
			ReleaseScriptCaches (1ms)
			RebuildScriptCaches (56ms)
			SetupLoadedEditorAssemblies (373ms)
				LogAssemblyErrors (0ms)
				InitializePlatformSupportModulesInManaged (5ms)
				SetLoadedEditorAssemblies (1ms)
				RefreshPlugins (1ms)
				BeforeProcessingInitializeOnLoad (66ms)
				ProcessInitializeOnLoadAttributes (258ms)
				ProcessInitializeOnLoadMethodAttributes (38ms)
				AfterProcessingInitializeOnLoad (4ms)
				EditorAssembliesLoaded (0ms)
			ExecutionOrderSort2 (0ms)
			AwakeInstancesAfterBackupRestoration (8ms)
Platform modules already initialized, skipping
Refreshing native plugins compatible for Editor in 2.09 ms, found 4 plugins.
Preloading 0 native plugins for Editor in 0.00 ms.
Unloading 3756 Unused Serialized files (Serialized files now loaded: 0)
Unloading 36 unused Assets / (0.7 MB). Loaded Objects now: 4243.
Memory consumption went from 149.2 MB to 148.5 MB.
Total: 3.141100 ms (FindLiveObjects: 0.374700 ms CreateObjectMapping: 0.092900 ms MarkObjects: 2.337500 ms  DeleteObjects: 0.335000 ms)

AssetImportParameters requested are different than current active one (requested -> active):
  custom:video-decoder-ogg-theora: a1e56fd34408186e4bbccfd4996cb3dc -> 
  custom:container-muxer-webm: aa71ff27fc2769a1b78a27578f13a17b -> 
  custom:container-demuxer-webm: 4f35f7cbe854078d1ac9338744f61a02 -> 
  custom:video-encoder-webm-vp8: eb34c28f22e8b96e1ab97ce403110664 -> 
  custom:audio-encoder-webm-vorbis: bf7c407c2cedff20999df2af8eb42d56 -> 
  custom:framework-win-MediaFoundation: 216162199b28c13a410421893ffa2e32 -> 
  custom:container-demuxer-ogg: 62fdf1f143b41e24485cea50d1cbac27 -> 
  custom:video-decoder-webm-vp8: 9c59270c3fd7afecdb556c50c9e8de78 -> 
  custom:audio-decoder-ogg-vorbis: bf7c407c2cedff20999df2af8eb42d56 -> 
========================================================================
Received Prepare
Registering precompiled user dll's ...
Registered in 0.004574 seconds.
Begin MonoManager ReloadAssembly
Native extension for WindowsStandalone target not found
Refreshing native plugins compatible for Editor in 0.73 ms, found 4 plugins.
Preloading 0 native plugins for Editor in 0.00 ms.
Mono: successfully reloaded assembly
- Completed reload, in  0.982 seconds
Domain Reload Profiling:
	ReloadAssembly (983ms)
		BeginReloadAssembly (110ms)
			ExecutionOrderSort (0ms)
			DisableScriptedObjects (8ms)
			BackupInstance (0ms)
			ReleaseScriptingObjects (0ms)
			CreateAndSetChildDomain (30ms)
		EndReloadAssembly (779ms)
			LoadAssemblies (68ms)
			RebuildTransferFunctionScriptingTraits (0ms)
			SetupTypeCache (215ms)
			ReleaseScriptCaches (1ms)
			RebuildScriptCaches (50ms)
			SetupLoadedEditorAssemblies (387ms)
				LogAssemblyErrors (0ms)
				InitializePlatformSupportModulesInManaged (5ms)
				SetLoadedEditorAssemblies (1ms)
				RefreshPlugins (1ms)
				BeforeProcessingInitializeOnLoad (69ms)
				ProcessInitializeOnLoadAttributes (269ms)
				ProcessInitializeOnLoadMethodAttributes (38ms)
				AfterProcessingInitializeOnLoad (5ms)
				EditorAssembliesLoaded (0ms)
			ExecutionOrderSort2 (0ms)
			AwakeInstancesAfterBackupRestoration (8ms)
Platform modules already initialized, skipping
Refreshing native plugins compatible for Editor in 1.96 ms, found 4 plugins.
Preloading 0 native plugins for Editor in 0.00 ms.
Unloading 3756 Unused Serialized files (Serialized files now loaded: 0)
Unloading 36 unused Assets / (0.7 MB). Loaded Objects now: 4246.
Memory consumption went from 149.2 MB to 148.5 MB.
Total: 3.550900 ms (FindLiveObjects: 0.364100 ms CreateObjectMapping: 0.101600 ms MarkObjects: 2.745100 ms  DeleteObjects: 0.339300 ms)

AssetImportParameters requested are different than current active one (requested -> active):
  custom:video-decoder-ogg-theora: a1e56fd34408186e4bbccfd4996cb3dc -> 
  custom:container-muxer-webm: aa71ff27fc2769a1b78a27578f13a17b -> 
  custom:container-demuxer-webm: 4f35f7cbe854078d1ac9338744f61a02 -> 
  custom:video-encoder-webm-vp8: eb34c28f22e8b96e1ab97ce403110664 -> 
  custom:audio-encoder-webm-vorbis: bf7c407c2cedff20999df2af8eb42d56 -> 
  custom:framework-win-MediaFoundation: 216162199b28c13a410421893ffa2e32 -> 
  custom:container-demuxer-ogg: 62fdf1f143b41e24485cea50d1cbac27 -> 
  custom:video-decoder-webm-vp8: 9c59270c3fd7afecdb556c50c9e8de78 -> 
  custom:audio-decoder-ogg-vorbis: bf7c407c2cedff20999df2af8eb42d56 -> 
========================================================================
Received Prepare
Registering precompiled user dll's ...
Registered in 0.005368 seconds.
Begin MonoManager ReloadAssembly
Native extension for WindowsStandalone target not found
Refreshing native plugins compatible for Editor in 0.73 ms, found 4 plugins.
Preloading 0 native plugins for Editor in 0.00 ms.
Mono: successfully reloaded assembly
- Completed reload, in  1.020 seconds
Domain Reload Profiling:
	ReloadAssembly (1021ms)
		BeginReloadAssembly (131ms)
			ExecutionOrderSort (0ms)
			DisableScriptedObjects (8ms)
			BackupInstance (0ms)
			ReleaseScriptingObjects (0ms)
			CreateAndSetChildDomain (30ms)
		EndReloadAssembly (795ms)
			LoadAssemblies (91ms)
			RebuildTransferFunctionScriptingTraits (0ms)
			SetupTypeCache (228ms)
			ReleaseScriptCaches (1ms)
			RebuildScriptCaches (47ms)
			SetupLoadedEditorAssemblies (389ms)
				LogAssemblyErrors (0ms)
				InitializePlatformSupportModulesInManaged (5ms)
				SetLoadedEditorAssemblies (1ms)
				RefreshPlugins (1ms)
				BeforeProcessingInitializeOnLoad (68ms)
				ProcessInitializeOnLoadAttributes (273ms)
				ProcessInitializeOnLoadMethodAttributes (38ms)
				AfterProcessingInitializeOnLoad (4ms)
				EditorAssembliesLoaded (0ms)
			ExecutionOrderSort2 (0ms)
			AwakeInstancesAfterBackupRestoration (8ms)
Platform modules already initialized, skipping
Refreshing native plugins compatible for Editor in 2.13 ms, found 4 plugins.
Preloading 0 native plugins for Editor in 0.00 ms.
Unloading 3756 Unused Serialized files (Serialized files now loaded: 0)
Unloading 36 unused Assets / (0.7 MB). Loaded Objects now: 4249.
Memory consumption went from 149.2 MB to 148.5 MB.
Total: 3.517400 ms (FindLiveObjects: 0.398400 ms CreateObjectMapping: 0.124400 ms MarkObjects: 2.596000 ms  DeleteObjects: 0.397700 ms)

AssetImportParameters requested are different than current active one (requested -> active):
  custom:video-decoder-ogg-theora: a1e56fd34408186e4bbccfd4996cb3dc -> 
  custom:container-muxer-webm: aa71ff27fc2769a1b78a27578f13a17b -> 
  custom:container-demuxer-webm: 4f35f7cbe854078d1ac9338744f61a02 -> 
  custom:video-encoder-webm-vp8: eb34c28f22e8b96e1ab97ce403110664 -> 
  custom:audio-encoder-webm-vorbis: bf7c407c2cedff20999df2af8eb42d56 -> 
  custom:framework-win-MediaFoundation: 216162199b28c13a410421893ffa2e32 -> 
  custom:container-demuxer-ogg: 62fdf1f143b41e24485cea50d1cbac27 -> 
  custom:video-decoder-webm-vp8: 9c59270c3fd7afecdb556c50c9e8de78 -> 
  custom:audio-decoder-ogg-vorbis: bf7c407c2cedff20999df2af8eb42d56 -> 
========================================================================
Received Prepare
Registering precompiled user dll's ...
Registered in 0.004901 seconds.
Begin MonoManager ReloadAssembly
Native extension for WindowsStandalone target not found
Refreshing native plugins compatible for Editor in 0.68 ms, found 4 plugins.
Preloading 0 native plugins for Editor in 0.00 ms.
Mono: successfully reloaded assembly
- Completed reload, in  0.973 seconds
Domain Reload Profiling:
	ReloadAssembly (973ms)
		BeginReloadAssembly (120ms)
			ExecutionOrderSort (0ms)
			DisableScriptedObjects (7ms)
			BackupInstance (0ms)
			ReleaseScriptingObjects (0ms)
			CreateAndSetChildDomain (30ms)
		EndReloadAssembly (760ms)
			LoadAssemblies (76ms)
			RebuildTransferFunctionScriptingTraits (0ms)
			SetupTypeCache (216ms)
			ReleaseScriptCaches (1ms)
			RebuildScriptCaches (47ms)
			SetupLoadedEditorAssemblies (375ms)
				LogAssemblyErrors (0ms)
				InitializePlatformSupportModulesInManaged (5ms)
				SetLoadedEditorAssemblies (0ms)
				RefreshPlugins (1ms)
				BeforeProcessingInitializeOnLoad (68ms)
				ProcessInitializeOnLoadAttributes (260ms)
				ProcessInitializeOnLoadMethodAttributes (38ms)
				AfterProcessingInitializeOnLoad (3ms)
				EditorAssembliesLoaded (0ms)
			ExecutionOrderSort2 (0ms)
			AwakeInstancesAfterBackupRestoration (7ms)
Platform modules already initialized, skipping
Refreshing native plugins compatible for Editor in 1.83 ms, found 4 plugins.
Preloading 0 native plugins for Editor in 0.00 ms.
Unloading 3756 Unused Serialized files (Serialized files now loaded: 0)
Unloading 36 unused Assets / (0.7 MB). Loaded Objects now: 4252.
Memory consumption went from 149.2 MB to 148.5 MB.
Total: 3.426800 ms (FindLiveObjects: 0.400400 ms CreateObjectMapping: 0.140100 ms MarkObjects: 2.543600 ms  DeleteObjects: 0.341600 ms)

AssetImportParameters requested are different than current active one (requested -> active):
  custom:video-decoder-ogg-theora: a1e56fd34408186e4bbccfd4996cb3dc -> 
  custom:container-muxer-webm: aa71ff27fc2769a1b78a27578f13a17b -> 
  custom:container-demuxer-webm: 4f35f7cbe854078d1ac9338744f61a02 -> 
  custom:video-encoder-webm-vp8: eb34c28f22e8b96e1ab97ce403110664 -> 
  custom:audio-encoder-webm-vorbis: bf7c407c2cedff20999df2af8eb42d56 -> 
  custom:framework-win-MediaFoundation: 216162199b28c13a410421893ffa2e32 -> 
  custom:container-demuxer-ogg: 62fdf1f143b41e24485cea50d1cbac27 -> 
  custom:video-decoder-webm-vp8: 9c59270c3fd7afecdb556c50c9e8de78 -> 
  custom:audio-decoder-ogg-vorbis: bf7c407c2cedff20999df2af8eb42d56 -> 
========================================================================
Received Import Request.
  Time since last request: 144.919486 seconds.
  path: Assets/Scripts/DialogueScripts/DialogueManager.cs
  artifactKey: Guid(6ad9432e267b5944eb63325c4fa81406) Importer(815301076,1909f56bfc062723c751e8b465ee728b)
Start importing Assets/Scripts/DialogueScripts/DialogueManager.cs using Guid(6ad9432e267b5944eb63325c4fa81406) Importer(815301076,1909f56bfc062723c751e8b465ee728b)  -> (artifact id: '543955f539a2f90cbdd1dd5c0008ba80') in 0.006897 seconds 
========================================================================
Received Prepare
Registering precompiled user dll's ...
Registered in 0.004436 seconds.
Begin MonoManager ReloadAssembly
Native extension for WindowsStandalone target not found
Refreshing native plugins compatible for Editor in 0.76 ms, found 4 plugins.
Preloading 0 native plugins for Editor in 0.00 ms.
Mono: successfully reloaded assembly
- Completed reload, in  1.001 seconds
Domain Reload Profiling:
	ReloadAssembly (1002ms)
		BeginReloadAssembly (128ms)
			ExecutionOrderSort (0ms)
			DisableScriptedObjects (7ms)
			BackupInstance (0ms)
			ReleaseScriptingObjects (0ms)
			CreateAndSetChildDomain (31ms)
		EndReloadAssembly (777ms)
			LoadAssemblies (83ms)
			RebuildTransferFunctionScriptingTraits (0ms)
			SetupTypeCache (224ms)
			ReleaseScriptCaches (1ms)
			RebuildScriptCaches (48ms)
			SetupLoadedEditorAssemblies (380ms)
				LogAssemblyErrors (0ms)
				InitializePlatformSupportModulesInManaged (5ms)
				SetLoadedEditorAssemblies (1ms)
				RefreshPlugins (1ms)
				BeforeProcessingInitializeOnLoad (68ms)
				ProcessInitializeOnLoadAttributes (263ms)
				ProcessInitializeOnLoadMethodAttributes (40ms)
				AfterProcessingInitializeOnLoad (4ms)
				EditorAssembliesLoaded (0ms)
			ExecutionOrderSort2 (0ms)
			AwakeInstancesAfterBackupRestoration (7ms)
Platform modules already initialized, skipping
Refreshing native plugins compatible for Editor in 2.23 ms, found 4 plugins.
Preloading 0 native plugins for Editor in 0.00 ms.
Unloading 3756 Unused Serialized files (Serialized files now loaded: 0)
Unloading 36 unused Assets / (0.7 MB). Loaded Objects now: 4255.
Memory consumption went from 149.2 MB to 148.5 MB.
Total: 3.322100 ms (FindLiveObjects: 0.427700 ms CreateObjectMapping: 0.111600 ms MarkObjects: 2.422800 ms  DeleteObjects: 0.358400 ms)

AssetImportParameters requested are different than current active one (requested -> active):
  custom:video-decoder-ogg-theora: a1e56fd34408186e4bbccfd4996cb3dc -> 
  custom:container-muxer-webm: aa71ff27fc2769a1b78a27578f13a17b -> 
  custom:container-demuxer-webm: 4f35f7cbe854078d1ac9338744f61a02 -> 
  custom:video-encoder-webm-vp8: eb34c28f22e8b96e1ab97ce403110664 -> 
  custom:audio-encoder-webm-vorbis: bf7c407c2cedff20999df2af8eb42d56 -> 
  custom:framework-win-MediaFoundation: 216162199b28c13a410421893ffa2e32 -> 
  custom:container-demuxer-ogg: 62fdf1f143b41e24485cea50d1cbac27 -> 
  custom:video-decoder-webm-vp8: 9c59270c3fd7afecdb556c50c9e8de78 -> 
  custom:audio-decoder-ogg-vorbis: bf7c407c2cedff20999df2af8eb42d56 -> 
========================================================================
Received Prepare
Registering precompiled user dll's ...
Registered in 0.005346 seconds.
Begin MonoManager ReloadAssembly
Native extension for WindowsStandalone target not found
Refreshing native plugins compatible for Editor in 0.76 ms, found 4 plugins.
Preloading 0 native plugins for Editor in 0.00 ms.
Mono: successfully reloaded assembly
- Completed reload, in  0.986 seconds
Domain Reload Profiling:
	ReloadAssembly (987ms)
		BeginReloadAssembly (118ms)
			ExecutionOrderSort (0ms)
			DisableScriptedObjects (8ms)
			BackupInstance (0ms)
			ReleaseScriptingObjects (0ms)
			CreateAndSetChildDomain (30ms)
		EndReloadAssembly (776ms)
			LoadAssemblies (76ms)
			RebuildTransferFunctionScriptingTraits (0ms)
			SetupTypeCache (218ms)
			ReleaseScriptCaches (1ms)
			RebuildScriptCaches (45ms)
			SetupLoadedEditorAssemblies (383ms)
				LogAssemblyErrors (0ms)
				InitializePlatformSupportModulesInManaged (5ms)
				SetLoadedEditorAssemblies (1ms)
				RefreshPlugins (1ms)
				BeforeProcessingInitializeOnLoad (71ms)
				ProcessInitializeOnLoadAttributes (263ms)
				ProcessInitializeOnLoadMethodAttributes (38ms)
				AfterProcessingInitializeOnLoad (4ms)
				EditorAssembliesLoaded (0ms)
			ExecutionOrderSort2 (0ms)
			AwakeInstancesAfterBackupRestoration (8ms)
Platform modules already initialized, skipping
Refreshing native plugins compatible for Editor in 1.92 ms, found 4 plugins.
Preloading 0 native plugins for Editor in 0.00 ms.
Unloading 3756 Unused Serialized files (Serialized files now loaded: 0)
Unloading 36 unused Assets / (0.7 MB). Loaded Objects now: 4258.
Memory consumption went from 149.2 MB to 148.5 MB.
Total: 3.172100 ms (FindLiveObjects: 0.386300 ms CreateObjectMapping: 0.094300 ms MarkObjects: 2.361400 ms  DeleteObjects: 0.329000 ms)

AssetImportParameters requested are different than current active one (requested -> active):
  custom:video-decoder-ogg-theora: a1e56fd34408186e4bbccfd4996cb3dc -> 
  custom:container-muxer-webm: aa71ff27fc2769a1b78a27578f13a17b -> 
  custom:container-demuxer-webm: 4f35f7cbe854078d1ac9338744f61a02 -> 
  custom:video-encoder-webm-vp8: eb34c28f22e8b96e1ab97ce403110664 -> 
  custom:audio-encoder-webm-vorbis: bf7c407c2cedff20999df2af8eb42d56 -> 
  custom:framework-win-MediaFoundation: 216162199b28c13a410421893ffa2e32 -> 
  custom:container-demuxer-ogg: 62fdf1f143b41e24485cea50d1cbac27 -> 
  custom:video-decoder-webm-vp8: 9c59270c3fd7afecdb556c50c9e8de78 -> 
  custom:audio-decoder-ogg-vorbis: bf7c407c2cedff20999df2af8eb42d56 -> 
========================================================================
Received Import Request.
  Time since last request: 51.572675 seconds.
  path: Assets/Scripts/MainObjectsLoader.cs
  artifactKey: Guid(4d63ce808b1ab4741b0c92a7492fefd1) Importer(815301076,1909f56bfc062723c751e8b465ee728b)
Start importing Assets/Scripts/MainObjectsLoader.cs using Guid(4d63ce808b1ab4741b0c92a7492fefd1) Importer(815301076,1909f56bfc062723c751e8b465ee728b)  -> (artifact id: '68afdb1313759da10be0262a60d2bb60') in 0.006769 seconds 
========================================================================
Received Import Request.
  Time since last request: 3.798296 seconds.
  path: Assets/Scripts/MainObjectsLoader.cs
  artifactKey: Guid(4d63ce808b1ab4741b0c92a7492fefd1) Importer(815301076,1909f56bfc062723c751e8b465ee728b)
Start importing Assets/Scripts/MainObjectsLoader.cs using Guid(4d63ce808b1ab4741b0c92a7492fefd1) Importer(815301076,1909f56bfc062723c751e8b465ee728b)  -> (artifact id: '7c2af314da099538a1d42687c60f0a2c') in 0.001856 seconds 
========================================================================
Received Import Request.
  Time since last request: 21.809445 seconds.
  path: Assets/Scripts/ScreenFade.cs
  artifactKey: Guid(dba81bc64fc29f84fa870ef559cf8efe) Importer(815301076,1909f56bfc062723c751e8b465ee728b)
Start importing Assets/Scripts/ScreenFade.cs using Guid(dba81bc64fc29f84fa870ef559cf8efe) Importer(815301076,1909f56bfc062723c751e8b465ee728b)  -> (artifact id: 'e8779ce845bf56575f7e6d6761393abc') in 0.002830 seconds 
========================================================================
Received Prepare
Registering precompiled user dll's ...
Registered in 0.004125 seconds.
Begin MonoManager ReloadAssembly
Native extension for WindowsStandalone target not found
Refreshing native plugins compatible for Editor in 0.63 ms, found 4 plugins.
Preloading 0 native plugins for Editor in 0.00 ms.
Mono: successfully reloaded assembly
- Completed reload, in  1.010 seconds
Domain Reload Profiling:
	ReloadAssembly (1011ms)
		BeginReloadAssembly (135ms)
			ExecutionOrderSort (0ms)
			DisableScriptedObjects (7ms)
			BackupInstance (0ms)
			ReleaseScriptingObjects (0ms)
			CreateAndSetChildDomain (31ms)
		EndReloadAssembly (781ms)
			LoadAssemblies (95ms)
			RebuildTransferFunctionScriptingTraits (0ms)
			SetupTypeCache (225ms)
			ReleaseScriptCaches (1ms)
			RebuildScriptCaches (48ms)
			SetupLoadedEditorAssemblies (378ms)
				LogAssemblyErrors (0ms)
				InitializePlatformSupportModulesInManaged (5ms)
				SetLoadedEditorAssemblies (1ms)
				RefreshPlugins (1ms)
				BeforeProcessingInitializeOnLoad (67ms)
				ProcessInitializeOnLoadAttributes (262ms)
				ProcessInitializeOnLoadMethodAttributes (38ms)
				AfterProcessingInitializeOnLoad (4ms)
				EditorAssembliesLoaded (0ms)
			ExecutionOrderSort2 (0ms)
			AwakeInstancesAfterBackupRestoration (8ms)
Platform modules already initialized, skipping
Refreshing native plugins compatible for Editor in 1.86 ms, found 4 plugins.
Preloading 0 native plugins for Editor in 0.00 ms.
Unloading 3756 Unused Serialized files (Serialized files now loaded: 0)
Unloading 36 unused Assets / (0.7 MB). Loaded Objects now: 4261.
Memory consumption went from 149.2 MB to 148.6 MB.
Total: 3.418300 ms (FindLiveObjects: 0.389200 ms CreateObjectMapping: 0.128000 ms MarkObjects: 2.556400 ms  DeleteObjects: 0.343900 ms)

AssetImportParameters requested are different than current active one (requested -> active):
  custom:video-decoder-ogg-theora: a1e56fd34408186e4bbccfd4996cb3dc -> 
  custom:container-muxer-webm: aa71ff27fc2769a1b78a27578f13a17b -> 
  custom:container-demuxer-webm: 4f35f7cbe854078d1ac9338744f61a02 -> 
  custom:video-encoder-webm-vp8: eb34c28f22e8b96e1ab97ce403110664 -> 
  custom:audio-encoder-webm-vorbis: bf7c407c2cedff20999df2af8eb42d56 -> 
  custom:framework-win-MediaFoundation: 216162199b28c13a410421893ffa2e32 -> 
  custom:container-demuxer-ogg: 62fdf1f143b41e24485cea50d1cbac27 -> 
  custom:video-decoder-webm-vp8: 9c59270c3fd7afecdb556c50c9e8de78 -> 
  custom:audio-decoder-ogg-vorbis: bf7c407c2cedff20999df2af8eb42d56 -> 
========================================================================
Received Import Request.
  Time since last request: 188.455293 seconds.
  path: Assets/Sprites/Prefabs/MainObjectsLoader.prefab
  artifactKey: Guid(98aa7816619224240ae1ff4585cfacf4) Importer(815301076,1909f56bfc062723c751e8b465ee728b)
Start importing Assets/Sprites/Prefabs/MainObjectsLoader.prefab using Guid(98aa7816619224240ae1ff4585cfacf4) Importer(815301076,1909f56bfc062723c751e8b465ee728b)  -> (artifact id: 'dd6af71088f719641f88c4716bfc2193') in 0.027646 seconds 
========================================================================
Received Import Request.
  Time since last request: 1.617665 seconds.
  path: Assets/Sprites/Prefabs/MainObjectsLoader.prefab
  artifactKey: Guid(98aa7816619224240ae1ff4585cfacf4) Importer(815301076,1909f56bfc062723c751e8b465ee728b)
Start importing Assets/Sprites/Prefabs/MainObjectsLoader.prefab using Guid(98aa7816619224240ae1ff4585cfacf4) Importer(815301076,1909f56bfc062723c751e8b465ee728b)  -> (artifact id: 'f02c5dd7836cf1b676463df10d20fb70') in 0.003277 seconds 
========================================================================
Received Import Request.
  Time since last request: 43.135017 seconds.
  path: Assets/Sprites/Prefabs/GameManager.prefab
  artifactKey: Guid(8a8eb984cd3f12a47adb0043fd6694c1) Importer(815301076,1909f56bfc062723c751e8b465ee728b)
Start importing Assets/Sprites/Prefabs/GameManager.prefab using Guid(8a8eb984cd3f12a47adb0043fd6694c1) Importer(815301076,1909f56bfc062723c751e8b465ee728b)  -> (artifact id: 'a1743c54ba5a7cc1a4de13d443b5f2da') in 0.003389 seconds 
========================================================================
Received Import Request.
  Time since last request: 4.995839 seconds.
  path: Assets/Sprites/Prefabs/Player.prefab
  artifactKey: Guid(cb37dc782626bf946b17954573b79373) Importer(815301076,1909f56bfc062723c751e8b465ee728b)
Start importing Assets/Sprites/Prefabs/Player.prefab using Guid(cb37dc782626bf946b17954573b79373) Importer(815301076,1909f56bfc062723c751e8b465ee728b)  -> (artifact id: 'c0e19dd66baad9c1f83b34149965aeea') in 0.048464 seconds 
========================================================================
Received Import Request.
  Time since last request: 11.515726 seconds.
  path: Assets/Sprites/Prefabs/Main Camera.prefab
  artifactKey: Guid(da30d5966857e574f979c479c47eb1a0) Importer(815301076,1909f56bfc062723c751e8b465ee728b)
Start importing Assets/Sprites/Prefabs/Main Camera.prefab using Guid(da30d5966857e574f979c479c47eb1a0) Importer(815301076,1909f56bfc062723c751e8b465ee728b)  -> (artifact id: 'b04e46fa23dd95f381a87734dc617afd') in 0.007531 seconds 
========================================================================
Received Import Request.
  Time since last request: 71.813036 seconds.
  path: Assets/Sprites/Prefabs/UI.prefab
  artifactKey: Guid(640b68b3f2cdba3449b50df7dfdec383) Importer(815301076,1909f56bfc062723c751e8b465ee728b)
Start importing Assets/Sprites/Prefabs/UI.prefab using Guid(640b68b3f2cdba3449b50df7dfdec383) Importer(815301076,1909f56bfc062723c751e8b465ee728b)  -> (artifact id: '94623833e3ea95e309d59b67e3cfe6e2') in 0.045881 seconds 
========================================================================
Received Import Request.
  Time since last request: 19.701108 seconds.
  path: Assets/Sprites/Prefabs/UI.prefab
  artifactKey: Guid(640b68b3f2cdba3449b50df7dfdec383) Importer(815301076,1909f56bfc062723c751e8b465ee728b)
Start importing Assets/Sprites/Prefabs/UI.prefab using Guid(640b68b3f2cdba3449b50df7dfdec383) Importer(815301076,1909f56bfc062723c751e8b465ee728b)  -> (artifact id: '61156a7c5e88134849dd26fc25707d36') in 0.029612 seconds 
========================================================================
Received Import Request.
  Time since last request: 4.809093 seconds.
  path: Assets/Sprites/Prefabs/UI.prefab
  artifactKey: Guid(640b68b3f2cdba3449b50df7dfdec383) Importer(815301076,1909f56bfc062723c751e8b465ee728b)
Start importing Assets/Sprites/Prefabs/UI.prefab using Guid(640b68b3f2cdba3449b50df7dfdec383) Importer(815301076,1909f56bfc062723c751e8b465ee728b)  -> (artifact id: '55be25bc0d29671eea154a29a91445f0') in 0.025093 seconds 
========================================================================
Received Import Request.
  Time since last request: 8.725684 seconds.
  path: Assets/Sprites/Prefabs/UI.prefab
  artifactKey: Guid(640b68b3f2cdba3449b50df7dfdec383) Importer(815301076,1909f56bfc062723c751e8b465ee728b)
Start importing Assets/Sprites/Prefabs/UI.prefab using Guid(640b68b3f2cdba3449b50df7dfdec383) Importer(815301076,1909f56bfc062723c751e8b465ee728b)  -> (artifact id: '18e3221a3b7a2045903b650f0e9ac154') in 0.027523 seconds 
========================================================================
Received Import Request.
  Time since last request: 1.600227 seconds.
  path: Assets/Sprites/Prefabs/UI.prefab
  artifactKey: Guid(640b68b3f2cdba3449b50df7dfdec383) Importer(815301076,1909f56bfc062723c751e8b465ee728b)
Start importing Assets/Sprites/Prefabs/UI.prefab using Guid(640b68b3f2cdba3449b50df7dfdec383) Importer(815301076,1909f56bfc062723c751e8b465ee728b)  -> (artifact id: '874b687ed0c2ed03331b07f4b45420b0') in 0.023539 seconds 
========================================================================
Received Import Request.
  Time since last request: 7.829424 seconds.
  path: Assets/Sprites/Prefabs/UI.prefab
  artifactKey: Guid(640b68b3f2cdba3449b50df7dfdec383) Importer(815301076,1909f56bfc062723c751e8b465ee728b)
Start importing Assets/Sprites/Prefabs/UI.prefab using Guid(640b68b3f2cdba3449b50df7dfdec383) Importer(815301076,1909f56bfc062723c751e8b465ee728b)  -> (artifact id: '08e37d15ce54ccfd21fe1712ab3c44aa') in 0.024399 seconds 
========================================================================
Received Import Request.
  Time since last request: 0.634042 seconds.
  path: Assets/Sprites/Prefabs/UI.prefab
  artifactKey: Guid(640b68b3f2cdba3449b50df7dfdec383) Importer(815301076,1909f56bfc062723c751e8b465ee728b)
Start importing Assets/Sprites/Prefabs/UI.prefab using Guid(640b68b3f2cdba3449b50df7dfdec383) Importer(815301076,1909f56bfc062723c751e8b465ee728b)  -> (artifact id: 'a3dec96a9665e52df25ef6329ff0d3ac') in 0.022940 seconds 
========================================================================
Received Import Request.
  Time since last request: 1.793599 seconds.
  path: Assets/Sprites/Prefabs/UI.prefab
  artifactKey: Guid(640b68b3f2cdba3449b50df7dfdec383) Importer(815301076,1909f56bfc062723c751e8b465ee728b)
Start importing Assets/Sprites/Prefabs/UI.prefab using Guid(640b68b3f2cdba3449b50df7dfdec383) Importer(815301076,1909f56bfc062723c751e8b465ee728b)  -> (artifact id: '6e0425aff832e62b30536c901ed7a902') in 0.023071 seconds 
========================================================================
Received Import Request.
  Time since last request: 2.372252 seconds.
  path: Assets/Sprites/Prefabs/UI.prefab
  artifactKey: Guid(640b68b3f2cdba3449b50df7dfdec383) Importer(815301076,1909f56bfc062723c751e8b465ee728b)
Start importing Assets/Sprites/Prefabs/UI.prefab using Guid(640b68b3f2cdba3449b50df7dfdec383) Importer(815301076,1909f56bfc062723c751e8b465ee728b)  -> (artifact id: '0089de8a2cc04e4fcc79b14e879fdf34') in 0.023272 seconds 
========================================================================
Received Import Request.
  Time since last request: 4.575742 seconds.
  path: Assets/Sprites/Prefabs/UI.prefab
  artifactKey: Guid(640b68b3f2cdba3449b50df7dfdec383) Importer(815301076,1909f56bfc062723c751e8b465ee728b)
Start importing Assets/Sprites/Prefabs/UI.prefab using Guid(640b68b3f2cdba3449b50df7dfdec383) Importer(815301076,1909f56bfc062723c751e8b465ee728b)  -> (artifact id: '7d5c552fbeb697349afaecc07c910727') in 0.023589 seconds 
========================================================================
Received Import Request.
  Time since last request: 2.664950 seconds.
  path: Assets/Sprites/Prefabs/UI.prefab
  artifactKey: Guid(640b68b3f2cdba3449b50df7dfdec383) Importer(815301076,1909f56bfc062723c751e8b465ee728b)
Start importing Assets/Sprites/Prefabs/UI.prefab using Guid(640b68b3f2cdba3449b50df7dfdec383) Importer(815301076,1909f56bfc062723c751e8b465ee728b)  -> (artifact id: 'a5e9991b9e91d0524a4cbfff0f16d191') in 0.025544 seconds 
========================================================================
Received Import Request.
  Time since last request: 21.676172 seconds.
  path: Assets/Sprites/Prefabs/UI.prefab
  artifactKey: Guid(640b68b3f2cdba3449b50df7dfdec383) Importer(815301076,1909f56bfc062723c751e8b465ee728b)
Start importing Assets/Sprites/Prefabs/UI.prefab using Guid(640b68b3f2cdba3449b50df7dfdec383) Importer(815301076,1909f56bfc062723c751e8b465ee728b)  -> (artifact id: '67cdcb2cedac5708a02f34dd037c52e8') in 0.023224 seconds 
========================================================================
Received Import Request.
  Time since last request: 8.845646 seconds.
  path: Assets/Sprites/Prefabs/UI.prefab
  artifactKey: Guid(640b68b3f2cdba3449b50df7dfdec383) Importer(815301076,1909f56bfc062723c751e8b465ee728b)
Start importing Assets/Sprites/Prefabs/UI.prefab using Guid(640b68b3f2cdba3449b50df7dfdec383) Importer(815301076,1909f56bfc062723c751e8b465ee728b)  -> (artifact id: '7f1fbb48cb08b3560644d639a7dbc70d') in 0.023171 seconds 
========================================================================
Received Import Request.
  Time since last request: 4.647686 seconds.
  path: Assets/Sprites/Prefabs/UI.prefab
  artifactKey: Guid(640b68b3f2cdba3449b50df7dfdec383) Importer(815301076,1909f56bfc062723c751e8b465ee728b)
Start importing Assets/Sprites/Prefabs/UI.prefab using Guid(640b68b3f2cdba3449b50df7dfdec383) Importer(815301076,1909f56bfc062723c751e8b465ee728b)  -> (artifact id: '48ed8898eccc6fd1fbf555974db859cf') in 0.023585 seconds 
========================================================================
Received Import Request.
  Time since last request: 24.595744 seconds.
  path: Assets/Sprites/Prefabs/UI.prefab
  artifactKey: Guid(640b68b3f2cdba3449b50df7dfdec383) Importer(815301076,1909f56bfc062723c751e8b465ee728b)
Start importing Assets/Sprites/Prefabs/UI.prefab using Guid(640b68b3f2cdba3449b50df7dfdec383) Importer(815301076,1909f56bfc062723c751e8b465ee728b)  -> (artifact id: 'e2874fbf2776b191117311835f735410') in 0.024217 seconds 
========================================================================
Received Import Request.
  Time since last request: 2.187889 seconds.
  path: Assets/Sprites/Prefabs/UI.prefab
  artifactKey: Guid(640b68b3f2cdba3449b50df7dfdec383) Importer(815301076,1909f56bfc062723c751e8b465ee728b)
Start importing Assets/Sprites/Prefabs/UI.prefab using Guid(640b68b3f2cdba3449b50df7dfdec383) Importer(815301076,1909f56bfc062723c751e8b465ee728b)  -> (artifact id: '46ef61daf62fd1ad358811161189f0a5') in 0.037467 seconds 
========================================================================
Received Import Request.
  Time since last request: 11.648126 seconds.
  path: Assets/Sprites/Prefabs/UI.prefab
  artifactKey: Guid(640b68b3f2cdba3449b50df7dfdec383) Importer(815301076,1909f56bfc062723c751e8b465ee728b)
Start importing Assets/Sprites/Prefabs/UI.prefab using Guid(640b68b3f2cdba3449b50df7dfdec383) Importer(815301076,1909f56bfc062723c751e8b465ee728b)  -> (artifact id: 'eeb468853c27cb8d59feeb8a562c13c5') in 0.029844 seconds 
========================================================================
Received Import Request.
  Time since last request: 7.440404 seconds.
  path: Assets/Sprites/Prefabs/UI.prefab
  artifactKey: Guid(640b68b3f2cdba3449b50df7dfdec383) Importer(815301076,1909f56bfc062723c751e8b465ee728b)
Start importing Assets/Sprites/Prefabs/UI.prefab using Guid(640b68b3f2cdba3449b50df7dfdec383) Importer(815301076,1909f56bfc062723c751e8b465ee728b)  -> (artifact id: 'bb18e763fcc65b8723ccf92249f34843') in 0.030202 seconds 
========================================================================
Received Import Request.
  Time since last request: 2.999546 seconds.
  path: Assets/Sprites/Prefabs/UI.prefab
  artifactKey: Guid(640b68b3f2cdba3449b50df7dfdec383) Importer(815301076,1909f56bfc062723c751e8b465ee728b)
Start importing Assets/Sprites/Prefabs/UI.prefab using Guid(640b68b3f2cdba3449b50df7dfdec383) Importer(815301076,1909f56bfc062723c751e8b465ee728b)  -> (artifact id: 'be8759d3a062fb1ba710954119f43a6b') in 0.029847 seconds 
========================================================================
Received Import Request.
  Time since last request: 16.110305 seconds.
  path: Assets/Sprites/Prefabs/UI.prefab
  artifactKey: Guid(640b68b3f2cdba3449b50df7dfdec383) Importer(815301076,1909f56bfc062723c751e8b465ee728b)
Start importing Assets/Sprites/Prefabs/UI.prefab using Guid(640b68b3f2cdba3449b50df7dfdec383) Importer(815301076,1909f56bfc062723c751e8b465ee728b)  -> (artifact id: 'd06da116dd8564980c90251d38fd964a') in 0.031992 seconds 
========================================================================
Received Import Request.
  Time since last request: 2.170592 seconds.
  path: Assets/Sprites/Prefabs/UI.prefab
  artifactKey: Guid(640b68b3f2cdba3449b50df7dfdec383) Importer(815301076,1909f56bfc062723c751e8b465ee728b)
Start importing Assets/Sprites/Prefabs/UI.prefab using Guid(640b68b3f2cdba3449b50df7dfdec383) Importer(815301076,1909f56bfc062723c751e8b465ee728b)  -> (artifact id: 'f16606481a34179b6f60f0bcf29376e3') in 0.031671 seconds 
========================================================================
Received Import Request.
  Time since last request: 6.621863 seconds.
  path: Assets/Sprites/Prefabs/UI.prefab
  artifactKey: Guid(640b68b3f2cdba3449b50df7dfdec383) Importer(815301076,1909f56bfc062723c751e8b465ee728b)
Start importing Assets/Sprites/Prefabs/UI.prefab using Guid(640b68b3f2cdba3449b50df7dfdec383) Importer(815301076,1909f56bfc062723c751e8b465ee728b)  -> (artifact id: '35280fafd5078d6ed3f12000635d2fc3') in 0.034756 seconds 
========================================================================
Received Import Request.
  Time since last request: 1.981543 seconds.
  path: Assets/Sprites/Prefabs/UI.prefab
  artifactKey: Guid(640b68b3f2cdba3449b50df7dfdec383) Importer(815301076,1909f56bfc062723c751e8b465ee728b)
Start importing Assets/Sprites/Prefabs/UI.prefab using Guid(640b68b3f2cdba3449b50df7dfdec383) Importer(815301076,1909f56bfc062723c751e8b465ee728b)  -> (artifact id: 'd9555882c2be6e79f9437a63617b8593') in 0.028691 seconds 
========================================================================
Received Import Request.
  Time since last request: 36.290154 seconds.
  path: Assets/Sprites/Prefabs/UI.prefab
  artifactKey: Guid(640b68b3f2cdba3449b50df7dfdec383) Importer(815301076,1909f56bfc062723c751e8b465ee728b)
Start importing Assets/Sprites/Prefabs/UI.prefab using Guid(640b68b3f2cdba3449b50df7dfdec383) Importer(815301076,1909f56bfc062723c751e8b465ee728b)  -> (artifact id: '082fe7e6cb4f20232606657d667f23b6') in 0.029850 seconds 
========================================================================
Received Import Request.
  Time since last request: 34.776202 seconds.
  path: Assets/Sprites/Prefabs/NPC_boe.prefab
  artifactKey: Guid(0608c3bc2568bbe45ba7f2ac7fdd0cfb) Importer(815301076,1909f56bfc062723c751e8b465ee728b)
Start importing Assets/Sprites/Prefabs/NPC_boe.prefab using Guid(0608c3bc2568bbe45ba7f2ac7fdd0cfb) Importer(815301076,1909f56bfc062723c751e8b465ee728b)  -> (artifact id: '2b860b3a23bc79316cc01e2d99beb577') in 0.011966 seconds 
========================================================================
Received Import Request.
  Time since last request: 0.071653 seconds.
  path: Assets/Sprites/Prefabs/UI.prefab
  artifactKey: Guid(640b68b3f2cdba3449b50df7dfdec383) Importer(815301076,1909f56bfc062723c751e8b465ee728b)
Start importing Assets/Sprites/Prefabs/UI.prefab using Guid(640b68b3f2cdba3449b50df7dfdec383) Importer(815301076,1909f56bfc062723c751e8b465ee728b)  -> (artifact id: '2c370bc1aa5bcf5ff149192be932f9ba') in 0.029185 seconds 
========================================================================
Received Import Request.
  Time since last request: 57.378977 seconds.
  path: Assets/Sprites/Prefabs/BoeDialogue.asset
  artifactKey: Guid(d592cd97d3254a54fbfea8a2f9c2325c) Importer(815301076,1909f56bfc062723c751e8b465ee728b)
Start importing Assets/Sprites/Prefabs/BoeDialogue.asset using Guid(d592cd97d3254a54fbfea8a2f9c2325c) Importer(815301076,1909f56bfc062723c751e8b465ee728b)  -> (artifact id: '047861648162af3a3fc0cf651927d320') in 0.009026 seconds 
========================================================================
Received Import Request.
  Time since last request: 81.133196 seconds.
  path: Assets/Dialogues
  artifactKey: Guid(0151caaeecabb1644832e77fdfdf3fb0) Importer(815301076,1909f56bfc062723c751e8b465ee728b)
Start importing Assets/Dialogues using Guid(0151caaeecabb1644832e77fdfdf3fb0) Importer(815301076,1909f56bfc062723c751e8b465ee728b)  -> (artifact id: 'f4d12f093171635c7397aaa69618a58e') in 0.008467 seconds 
========================================================================
Received Import Request.
  Time since last request: 1.685010 seconds.
  path: Assets/Dialogues/BoeDialogue.asset
  artifactKey: Guid(d592cd97d3254a54fbfea8a2f9c2325c) Importer(815301076,1909f56bfc062723c751e8b465ee728b)
Start importing Assets/Dialogues/BoeDialogue.asset using Guid(d592cd97d3254a54fbfea8a2f9c2325c) Importer(815301076,1909f56bfc062723c751e8b465ee728b)  -> (artifact id: 'dcb6281dd13764dc16e0123b23ddb784') in 0.002201 seconds 
========================================================================
Received Import Request.
  Time since last request: 11.036936 seconds.
  path: Assets/Dialogues/BoeDialogues
  artifactKey: Guid(1d453400989a2dc4bbb4388abfb86559) Importer(815301076,1909f56bfc062723c751e8b465ee728b)
Start importing Assets/Dialogues/BoeDialogues using Guid(1d453400989a2dc4bbb4388abfb86559) Importer(815301076,1909f56bfc062723c751e8b465ee728b)  -> (artifact id: '285ae441119de06dd1e377fac527d6ce') in 0.006131 seconds 
========================================================================
Received Import Request.
  Time since last request: 242.593774 seconds.
  path: Assets/Scripts/DialogueScripts/DialogueStarter.cs
  artifactKey: Guid(6d622a952d38c8642abe92fd3f08e627) Importer(815301076,1909f56bfc062723c751e8b465ee728b)
Start importing Assets/Scripts/DialogueScripts/DialogueStarter.cs using Guid(6d622a952d38c8642abe92fd3f08e627) Importer(815301076,1909f56bfc062723c751e8b465ee728b)  -> (artifact id: '3f5432ed5f7ddd27b11526bcf4bc3df2') in 0.007234 seconds 
========================================================================
Received Import Request.
  Time since last request: 19.484892 seconds.
  path: Assets/Sprites/Prefabs/NPC_boe.prefab
  artifactKey: Guid(0608c3bc2568bbe45ba7f2ac7fdd0cfb) Importer(815301076,1909f56bfc062723c751e8b465ee728b)
Start importing Assets/Sprites/Prefabs/NPC_boe.prefab using Guid(0608c3bc2568bbe45ba7f2ac7fdd0cfb) Importer(815301076,1909f56bfc062723c751e8b465ee728b)  -> (artifact id: '24908abffa7ab447c443b314383c5714') in 0.009564 seconds 
========================================================================
Received Import Request.
  Time since last request: 74.559814 seconds.
  path: Assets/Sprites/Prefabs/UI.prefab
  artifactKey: Guid(640b68b3f2cdba3449b50df7dfdec383) Importer(815301076,1909f56bfc062723c751e8b465ee728b)
Start importing Assets/Sprites/Prefabs/UI.prefab using Guid(640b68b3f2cdba3449b50df7dfdec383) Importer(815301076,1909f56bfc062723c751e8b465ee728b)  -> (artifact id: '24aaab7e9c35149370d687f34802cbc7') in 0.033253 seconds 
========================================================================
Received Import Request.
  Time since last request: 15.142028 seconds.
  path: Assets/Sprites/Prefabs/NPC_boe.prefab
  artifactKey: Guid(0608c3bc2568bbe45ba7f2ac7fdd0cfb) Importer(815301076,1909f56bfc062723c751e8b465ee728b)
Start importing Assets/Sprites/Prefabs/NPC_boe.prefab using Guid(0608c3bc2568bbe45ba7f2ac7fdd0cfb) Importer(815301076,1909f56bfc062723c751e8b465ee728b)  -> (artifact id: '7ef35da30204017759d02d0d3287601b') in 0.010848 seconds 
========================================================================
Received Import Request.
  Time since last request: 52.341822 seconds.
  path: Assets/Sprites/Prefabs/UI.prefab
  artifactKey: Guid(640b68b3f2cdba3449b50df7dfdec383) Importer(815301076,1909f56bfc062723c751e8b465ee728b)
Start importing Assets/Sprites/Prefabs/UI.prefab using Guid(640b68b3f2cdba3449b50df7dfdec383) Importer(815301076,1909f56bfc062723c751e8b465ee728b)  -> (artifact id: '6790d09cb9d426bd8d29701c88ee3af9') in 0.023813 seconds 
========================================================================
Received Import Request.
  Time since last request: 2.351203 seconds.
  path: Assets/Sprites/Prefabs/NPC_boe.prefab
  artifactKey: Guid(0608c3bc2568bbe45ba7f2ac7fdd0cfb) Importer(815301076,1909f56bfc062723c751e8b465ee728b)
Start importing Assets/Sprites/Prefabs/NPC_boe.prefab using Guid(0608c3bc2568bbe45ba7f2ac7fdd0cfb) Importer(815301076,1909f56bfc062723c751e8b465ee728b)  -> (artifact id: '1d43b9b13ae5106769ea6ccadcb642c9') in 0.011480 seconds 
========================================================================
Received Import Request.
  Time since last request: 12.519536 seconds.
  path: Packages/com.unity.2d.animation/Editor/Assets/SkinningModule/Icons/Light/Bone_Influence@3x.png
  artifactKey: Guid(cee9dbe90b270c944ae1dabf41c93b10) Importer(815301076,1909f56bfc062723c751e8b465ee728b)
Start importing Packages/com.unity.2d.animation/Editor/Assets/SkinningModule/Icons/Light/Bone_Influence@3x.png using Guid(cee9dbe90b270c944ae1dabf41c93b10) Importer(815301076,1909f56bfc062723c751e8b465ee728b)  -> (artifact id: '6ce80b7eadaf05ea017a4434658d609e') in 0.035296 seconds 
========================================================================
Received Import Request.
  Time since last request: 0.263199 seconds.
  path: Packages/com.unity.2d.animation/Editor/Assets/SkinningModule/Icons/Selected/Bone_Influence@3x.png
  artifactKey: Guid(68e5a78013e33f247822a837e55b0ab4) Importer(815301076,1909f56bfc062723c751e8b465ee728b)
Start importing Packages/com.unity.2d.animation/Editor/Assets/SkinningModule/Icons/Selected/Bone_Influence@3x.png using Guid(68e5a78013e33f247822a837e55b0ab4) Importer(815301076,1909f56bfc062723c751e8b465ee728b)  -> (artifact id: 'b162f0efe68e2be4039620d268e99d91') in 0.020046 seconds 
========================================================================
Received Import Request.
  Time since last request: 0.000023 seconds.
  path: Packages/com.unity.2d.animation/Editor/Assets/SkinningModule/Icons/Selected/Bone_Influence@4x.png
  artifactKey: Guid(daf2ab606d4db0d4f9ecf4c02137d2a8) Importer(815301076,1909f56bfc062723c751e8b465ee728b)
Start importing Packages/com.unity.2d.animation/Editor/Assets/SkinningModule/Icons/Selected/Bone_Influence@4x.png using Guid(daf2ab606d4db0d4f9ecf4c02137d2a8) Importer(815301076,1909f56bfc062723c751e8b465ee728b)  -> (artifact id: 'eeb1293be37168bf2753e4b1d7515496') in 0.017736 seconds 
========================================================================
Received Import Request.
  Time since last request: 0.019854 seconds.
  path: Packages/com.unity.2d.animation/Editor/Assets/SkinningModule/Icons/Selected/character_Mode.png
  artifactKey: Guid(e60718119cec31e4190849292fcde068) Importer(815301076,1909f56bfc062723c751e8b465ee728b)
Start importing Packages/com.unity.2d.animation/Editor/Assets/SkinningModule/Icons/Selected/character_Mode.png using Guid(e60718119cec31e4190849292fcde068) Importer(815301076,1909f56bfc062723c751e8b465ee728b)  -> (artifact id: '47e6cbdc30bc386e018abf6d023ddca4') in 0.016330 seconds 
========================================================================
Received Prepare
Registering precompiled user dll's ...
Registered in 0.004932 seconds.
Begin MonoManager ReloadAssembly
Native extension for WindowsStandalone target not found
Refreshing native plugins compatible for Editor in 0.79 ms, found 4 plugins.
Preloading 0 native plugins for Editor in 0.00 ms.
Mono: successfully reloaded assembly
- Completed reload, in  1.058 seconds
Domain Reload Profiling:
	ReloadAssembly (1059ms)
		BeginReloadAssembly (126ms)
			ExecutionOrderSort (0ms)
			DisableScriptedObjects (7ms)
			BackupInstance (0ms)
			ReleaseScriptingObjects (0ms)
			CreateAndSetChildDomain (32ms)
		EndReloadAssembly (833ms)
			LoadAssemblies (88ms)
			RebuildTransferFunctionScriptingTraits (0ms)
			SetupTypeCache (235ms)
			ReleaseScriptCaches (1ms)
			RebuildScriptCaches (50ms)
			SetupLoadedEditorAssemblies (413ms)
				LogAssemblyErrors (0ms)
				InitializePlatformSupportModulesInManaged (5ms)
				SetLoadedEditorAssemblies (1ms)
				RefreshPlugins (1ms)
				BeforeProcessingInitializeOnLoad (71ms)
				ProcessInitializeOnLoadAttributes (292ms)
				ProcessInitializeOnLoadMethodAttributes (40ms)
				AfterProcessingInitializeOnLoad (4ms)
				EditorAssembliesLoaded (0ms)
			ExecutionOrderSort2 (0ms)
			AwakeInstancesAfterBackupRestoration (8ms)
Platform modules already initialized, skipping
Refreshing native plugins compatible for Editor in 1.90 ms, found 4 plugins.
Preloading 0 native plugins for Editor in 0.00 ms.
Unloading 3756 Unused Serialized files (Serialized files now loaded: 0)
Unloading 36 unused Assets / (0.7 MB). Loaded Objects now: 4276.
Memory consumption went from 149.5 MB to 148.8 MB.
Total: 3.471500 ms (FindLiveObjects: 0.393900 ms CreateObjectMapping: 0.107000 ms MarkObjects: 2.624500 ms  DeleteObjects: 0.344200 ms)

AssetImportParameters requested are different than current active one (requested -> active):
  custom:video-decoder-ogg-theora: a1e56fd34408186e4bbccfd4996cb3dc -> 
  custom:container-muxer-webm: aa71ff27fc2769a1b78a27578f13a17b -> 
  custom:container-demuxer-webm: 4f35f7cbe854078d1ac9338744f61a02 -> 
  custom:video-encoder-webm-vp8: eb34c28f22e8b96e1ab97ce403110664 -> 
  custom:audio-encoder-webm-vorbis: bf7c407c2cedff20999df2af8eb42d56 -> 
  custom:framework-win-MediaFoundation: 216162199b28c13a410421893ffa2e32 -> 
  custom:container-demuxer-ogg: 62fdf1f143b41e24485cea50d1cbac27 -> 
  custom:video-decoder-webm-vp8: 9c59270c3fd7afecdb556c50c9e8de78 -> 
  custom:audio-decoder-ogg-vorbis: bf7c407c2cedff20999df2af8eb42d56 -> 
========================================================================
Received Prepare
Registering precompiled user dll's ...
Registered in 0.005327 seconds.
Begin MonoManager ReloadAssembly
Native extension for WindowsStandalone target not found
Refreshing native plugins compatible for Editor in 0.76 ms, found 4 plugins.
Preloading 0 native plugins for Editor in 0.00 ms.
Mono: successfully reloaded assembly
- Completed reload, in  1.062 seconds
Domain Reload Profiling:
	ReloadAssembly (1063ms)
		BeginReloadAssembly (140ms)
			ExecutionOrderSort (0ms)
			DisableScriptedObjects (8ms)
			BackupInstance (0ms)
			ReleaseScriptingObjects (0ms)
			CreateAndSetChildDomain (34ms)
		EndReloadAssembly (823ms)
			LoadAssemblies (95ms)
			RebuildTransferFunctionScriptingTraits (0ms)
			SetupTypeCache (235ms)
			ReleaseScriptCaches (1ms)
			RebuildScriptCaches (50ms)
			SetupLoadedEditorAssemblies (402ms)
				LogAssemblyErrors (0ms)
				InitializePlatformSupportModulesInManaged (5ms)
				SetLoadedEditorAssemblies (1ms)
				RefreshPlugins (1ms)
				BeforeProcessingInitializeOnLoad (73ms)
				ProcessInitializeOnLoadAttributes (277ms)
				ProcessInitializeOnLoadMethodAttributes (42ms)
				AfterProcessingInitializeOnLoad (4ms)
				EditorAssembliesLoaded (0ms)
			ExecutionOrderSort2 (0ms)
			AwakeInstancesAfterBackupRestoration (8ms)
Platform modules already initialized, skipping
Refreshing native plugins compatible for Editor in 2.16 ms, found 4 plugins.
Preloading 0 native plugins for Editor in 0.00 ms.
Unloading 3756 Unused Serialized files (Serialized files now loaded: 0)
Unloading 36 unused Assets / (0.7 MB). Loaded Objects now: 4279.
Memory consumption went from 149.5 MB to 148.8 MB.
Total: 3.373100 ms (FindLiveObjects: 0.417600 ms CreateObjectMapping: 0.101100 ms MarkObjects: 2.499700 ms  DeleteObjects: 0.352800 ms)

AssetImportParameters requested are different than current active one (requested -> active):
  custom:video-decoder-ogg-theora: a1e56fd34408186e4bbccfd4996cb3dc -> 
  custom:container-muxer-webm: aa71ff27fc2769a1b78a27578f13a17b -> 
  custom:container-demuxer-webm: 4f35f7cbe854078d1ac9338744f61a02 -> 
  custom:video-encoder-webm-vp8: eb34c28f22e8b96e1ab97ce403110664 -> 
  custom:audio-encoder-webm-vorbis: bf7c407c2cedff20999df2af8eb42d56 -> 
  custom:framework-win-MediaFoundation: 216162199b28c13a410421893ffa2e32 -> 
  custom:container-demuxer-ogg: 62fdf1f143b41e24485cea50d1cbac27 -> 
  custom:video-decoder-webm-vp8: 9c59270c3fd7afecdb556c50c9e8de78 -> 
  custom:audio-decoder-ogg-vorbis: bf7c407c2cedff20999df2af8eb42d56 -> 
========================================================================
Received Import Request.
  Time since last request: 95.370979 seconds.
  path: Assets/Sprites/Tilesets/Tilemaps_0.asset
  artifactKey: Guid(0f4304511b27d3e4e90a7e951111acba) Importer(815301076,1909f56bfc062723c751e8b465ee728b)
Start importing Assets/Sprites/Tilesets/Tilemaps_0.asset using Guid(0f4304511b27d3e4e90a7e951111acba) Importer(815301076,1909f56bfc062723c751e8b465ee728b)  -> (artifact id: 'f27238afa1b4f053d707af4fc9507b08') in 0.064684 seconds 
========================================================================
Received Import Request.
  Time since last request: 0.000027 seconds.
  path: Assets/Sprites/Tilesets/Tilemaps_4.asset
  artifactKey: Guid(b0ec8eb27e9965c4abdd22f55c34051f) Importer(815301076,1909f56bfc062723c751e8b465ee728b)
Start importing Assets/Sprites/Tilesets/Tilemaps_4.asset using Guid(b0ec8eb27e9965c4abdd22f55c34051f) Importer(815301076,1909f56bfc062723c751e8b465ee728b)  -> (artifact id: 'ede0c8018425d287bea4b62042a66a96') in 0.011861 seconds 
========================================================================
Received Import Request.
  Time since last request: 0.000037 seconds.
  path: Assets/Sprites/Tilesets/Tilemaps_23.asset
  artifactKey: Guid(69b3125e9f0b68e4aa23d5cbaa815b32) Importer(815301076,1909f56bfc062723c751e8b465ee728b)
Start importing Assets/Sprites/Tilesets/Tilemaps_23.asset using Guid(69b3125e9f0b68e4aa23d5cbaa815b32) Importer(815301076,1909f56bfc062723c751e8b465ee728b)  -> (artifact id: '621604a98be51e042c3aecd235ff9a8a') in 0.009919 seconds 
========================================================================
Received Import Request.
  Time since last request: 0.000020 seconds.
  path: Assets/Sprites/Tilesets/Tilemaps_26.asset
  artifactKey: Guid(5f4561e1e78aec74ab83dd0876869ec3) Importer(815301076,1909f56bfc062723c751e8b465ee728b)
Start importing Assets/Sprites/Tilesets/Tilemaps_26.asset using Guid(5f4561e1e78aec74ab83dd0876869ec3) Importer(815301076,1909f56bfc062723c751e8b465ee728b)  -> (artifact id: '117093fe8435dde4cc49b728ce2007ec') in 0.012387 seconds 
========================================================================
Received Import Request.
  Time since last request: 0.000026 seconds.
  path: Assets/Sprites/Tilesets/Tilemaps_25.asset
  artifactKey: Guid(b398267ca92edd544a0c395a56eb01f7) Importer(815301076,1909f56bfc062723c751e8b465ee728b)
Start importing Assets/Sprites/Tilesets/Tilemaps_25.asset using Guid(b398267ca92edd544a0c395a56eb01f7) Importer(815301076,1909f56bfc062723c751e8b465ee728b)  -> (artifact id: 'c627c854636dae8060ab19cad95053a7') in 0.014286 seconds 
========================================================================
Received Import Request.
  Time since last request: 0.007454 seconds.
  path: Assets/Sprites/Tilesets/Tilemaps_2.asset
  artifactKey: Guid(a3f80ca531c03a14c93473189f452a10) Importer(815301076,1909f56bfc062723c751e8b465ee728b)
Start importing Assets/Sprites/Tilesets/Tilemaps_2.asset using Guid(a3f80ca531c03a14c93473189f452a10) Importer(815301076,1909f56bfc062723c751e8b465ee728b)  -> (artifact id: '9f555c0eea1a11979edd5d12d246be88') in 0.018011 seconds 
========================================================================
Received Import Request.
  Time since last request: 0.000019 seconds.
  path: Assets/Sprites/Tilesets/Tilemaps_13.asset
  artifactKey: Guid(0f081cdfe407058478f0c6416bb71693) Importer(815301076,1909f56bfc062723c751e8b465ee728b)
Start importing Assets/Sprites/Tilesets/Tilemaps_13.asset using Guid(0f081cdfe407058478f0c6416bb71693) Importer(815301076,1909f56bfc062723c751e8b465ee728b)  -> (artifact id: '67113fb49ca77749e552d42879f34aea') in 0.008909 seconds 
========================================================================
Received Import Request.
  Time since last request: 0.000020 seconds.
  path: Assets/Sprites/Tilesets/Tilemaps_10.asset
  artifactKey: Guid(2d636476ecbb71245b9e70be02f02f6d) Importer(815301076,1909f56bfc062723c751e8b465ee728b)
Start importing Assets/Sprites/Tilesets/Tilemaps_10.asset using Guid(2d636476ecbb71245b9e70be02f02f6d) Importer(815301076,1909f56bfc062723c751e8b465ee728b)  -> (artifact id: '29b83eb703f9555d56cef5d56f4c7f6a') in 0.019093 seconds 
========================================================================
Received Import Request.
  Time since last request: 0.000282 seconds.
  path: Assets/Sprites/Tilesets/Tilemaps_20.asset
  artifactKey: Guid(504b9ff96235c0f41a506e81a227eee4) Importer(815301076,1909f56bfc062723c751e8b465ee728b)
Start importing Assets/Sprites/Tilesets/Tilemaps_20.asset using Guid(504b9ff96235c0f41a506e81a227eee4) Importer(815301076,1909f56bfc062723c751e8b465ee728b)  -> (artifact id: 'afdefd5e22ad8137272b9dfc5c36c46c') in 0.016476 seconds 
========================================================================
Received Import Request.
  Time since last request: 0.000022 seconds.
  path: Assets/Sprites/Tilesets/Tilemaps_22.asset
  artifactKey: Guid(118231ee661b85c418776c77557d1e6e) Importer(815301076,1909f56bfc062723c751e8b465ee728b)
Start importing Assets/Sprites/Tilesets/Tilemaps_22.asset using Guid(118231ee661b85c418776c77557d1e6e) Importer(815301076,1909f56bfc062723c751e8b465ee728b)  -> (artifact id: '70a04054b9d77b97b26230dc20a78536') in 0.022335 seconds 
========================================================================
Received Import Request.
  Time since last request: 0.000018 seconds.
  path: Assets/Sprites/Tilesets/Tilemaps_9.asset
  artifactKey: Guid(595e3967b54ceb84aa22d06c54081586) Importer(815301076,1909f56bfc062723c751e8b465ee728b)
Start importing Assets/Sprites/Tilesets/Tilemaps_9.asset using Guid(595e3967b54ceb84aa22d06c54081586) Importer(815301076,1909f56bfc062723c751e8b465ee728b)  -> (artifact id: 'c142165be600eb9639d3b3317a5e0b2d') in 0.009712 seconds 
========================================================================
Received Import Request.
  Time since last request: 0.000017 seconds.
  path: Assets/Sprites/Tilesets/Tilemaps_15.asset
  artifactKey: Guid(06d1cc5579e716f40ad0d7677b55809b) Importer(815301076,1909f56bfc062723c751e8b465ee728b)
Start importing Assets/Sprites/Tilesets/Tilemaps_15.asset using Guid(06d1cc5579e716f40ad0d7677b55809b) Importer(815301076,1909f56bfc062723c751e8b465ee728b)  -> (artifact id: '6e8e978fafb0e0359b84a1d11827de4b') in 0.015604 seconds 
========================================================================
Received Import Request.
  Time since last request: 0.000019 seconds.
  path: Assets/Sprites/Tilesets/Tilemaps_8.asset
  artifactKey: Guid(8c8e59030525c5d448c53208fa436c91) Importer(815301076,1909f56bfc062723c751e8b465ee728b)
Start importing Assets/Sprites/Tilesets/Tilemaps_8.asset using Guid(8c8e59030525c5d448c53208fa436c91) Importer(815301076,1909f56bfc062723c751e8b465ee728b)  -> (artifact id: 'db57df3d16e1aa78bab12cc6970d71fe') in 0.011260 seconds 
========================================================================
Received Import Request.
  Time since last request: 0.000024 seconds.
  path: Assets/Sprites/Tilesets/Tilemaps_11.asset
  artifactKey: Guid(7fb10e331dede9e4ea77838df5f30e79) Importer(815301076,1909f56bfc062723c751e8b465ee728b)
Start importing Assets/Sprites/Tilesets/Tilemaps_11.asset using Guid(7fb10e331dede9e4ea77838df5f30e79) Importer(815301076,1909f56bfc062723c751e8b465ee728b)  -> (artifact id: '31e52140cbcb09b65dd0d2218c3cbc17') in 0.018150 seconds 
========================================================================
Received Prepare
Registering precompiled user dll's ...
Registered in 0.005067 seconds.
Begin MonoManager ReloadAssembly
Native extension for WindowsStandalone target not found
Refreshing native plugins compatible for Editor in 0.84 ms, found 4 plugins.
Preloading 0 native plugins for Editor in 0.00 ms.
Mono: successfully reloaded assembly
- Completed reload, in  1.356 seconds
Domain Reload Profiling:
	ReloadAssembly (1357ms)
		BeginReloadAssembly (181ms)
			ExecutionOrderSort (0ms)
			DisableScriptedObjects (8ms)
			BackupInstance (0ms)
			ReleaseScriptingObjects (0ms)
			CreateAndSetChildDomain (44ms)
		EndReloadAssembly (1054ms)
			LoadAssemblies (118ms)
			RebuildTransferFunctionScriptingTraits (0ms)
			SetupTypeCache (313ms)
			ReleaseScriptCaches (1ms)
			RebuildScriptCaches (63ms)
			SetupLoadedEditorAssemblies (516ms)
				LogAssemblyErrors (0ms)
				InitializePlatformSupportModulesInManaged (5ms)
				SetLoadedEditorAssemblies (1ms)
				RefreshPlugins (1ms)
				BeforeProcessingInitializeOnLoad (86ms)
				ProcessInitializeOnLoadAttributes (359ms)
				ProcessInitializeOnLoadMethodAttributes (60ms)
				AfterProcessingInitializeOnLoad (4ms)
				EditorAssembliesLoaded (0ms)
			ExecutionOrderSort2 (0ms)
			AwakeInstancesAfterBackupRestoration (8ms)
Platform modules already initialized, skipping
Refreshing native plugins compatible for Editor in 2.20 ms, found 4 plugins.
Preloading 0 native plugins for Editor in 0.00 ms.
Unloading 3756 Unused Serialized files (Serialized files now loaded: 0)
Unloading 36 unused Assets / (0.7 MB). Loaded Objects now: 4283.
Memory consumption went from 149.5 MB to 148.8 MB.
Total: 3.585800 ms (FindLiveObjects: 0.415900 ms CreateObjectMapping: 0.127400 ms MarkObjects: 2.673700 ms  DeleteObjects: 0.367200 ms)

AssetImportParameters requested are different than current active one (requested -> active):
  custom:video-decoder-ogg-theora: a1e56fd34408186e4bbccfd4996cb3dc -> 
  custom:container-muxer-webm: aa71ff27fc2769a1b78a27578f13a17b -> 
  custom:container-demuxer-webm: 4f35f7cbe854078d1ac9338744f61a02 -> 
  custom:video-encoder-webm-vp8: eb34c28f22e8b96e1ab97ce403110664 -> 
  custom:audio-encoder-webm-vorbis: bf7c407c2cedff20999df2af8eb42d56 -> 
  custom:framework-win-MediaFoundation: 216162199b28c13a410421893ffa2e32 -> 
  custom:container-demuxer-ogg: 62fdf1f143b41e24485cea50d1cbac27 -> 
  custom:video-decoder-webm-vp8: 9c59270c3fd7afecdb556c50c9e8de78 -> 
  custom:audio-decoder-ogg-vorbis: bf7c407c2cedff20999df2af8eb42d56 -> 
Editor requested this worker to shutdown with reason: Scaling down because of idle timeout
AssetImportWorker is now disconnected from the server
Process exiting
Exiting without the bug reporter. Application will terminate with return code 0